#
# There is insufficient memory for the Java Runtime Environment to continue.
# Native memory allocation (mmap) failed to map 23068672 bytes for G1 virtual space
# Possible reasons:
#   The system is out of physical RAM or swap space
#   The process is running with CompressedOops enabled, and the Java Heap may be blocking the growth of the native heap
# Possible solutions:
#   Reduce memory load on the system
#   Increase physical memory or swap space
#   Check if swap backing store is full
#   Decrease Java heap size (-Xmx/-Xms)
#   Decrease number of Java threads
#   Decrease Java thread stack sizes (-Xss)
#   Set larger code cache with -XX:ReservedCodeCacheSize=
#   JVM is running with Unscaled Compressed Oops mode in which the Java heap is
#     placed in the first 4GB address space. The Java Heap base address is the
#     maximum limit for the native heap growth. Please use -XX:HeapBaseMinAddress
#     to set the Java Heap base and to place the Java Heap above 4GB virtual address.
# This output file may be truncated or incomplete.
#
#  Out of Memory Error (os_windows.cpp:3559), pid=1056, tid=3088
#
# JRE version: OpenJDK Runtime Environment Temurin-17.0.7+7 (17.0.7+7) (build 17.0.7+7)
# Java VM: OpenJDK 64-Bit Server VM Temurin-17.0.7+7 (17.0.7+7, mixed mode, sharing, tiered, compressed oops, compressed class ptrs, g1 gc, windows-amd64)
# No core dump will be written. Minidumps are not enabled by default on client versions of Windows
#

---------------  S U M M A R Y ------------

Command Line: --module-path=C:\Users\USUARIO\Desktop\ESPOL\3 Semestre\Estructuras de Datos\Proyecto\Proyecto_ED\Gestion_Contacto\target\classes;C:\Users\USUARIO\.m2\repository\org\openjfx\javafx-base\13\javafx-base-13-win.jar;C:\Users\USUARIO\.m2\repository\org\openjfx\javafx-controls\13\javafx-controls-13-win.jar;C:\Users\USUARIO\.m2\repository\org\openjfx\javafx-fxml\22-ea+16\javafx-fxml-22-ea+16-win.jar;C:\Users\USUARIO\.m2\repository\org\openjfx\javafx-fxml\22-ea+16\javafx-fxml-22-ea+16.jar;C:\Users\USUARIO\.m2\repository\org\openjfx\javafx-graphics\13\javafx-graphics-13-win.jar --add-modules=com.mycompany.gestion_contacto -Djdk.module.main=com.mycompany.gestion_contacto com.mycompany.gestion_contacto/com.mycompany.gestion_contacto.App

Host: Intel(R) Pentium(R) Silver N5000 CPU @ 1.10GHz, 4 cores, 3G,  Windows 10 , 64 bit Build 19041 (10.0.19041.928)
Time: Thu Nov 30 23:03:08 2023 Hora est. Pacífico, Sudamérica elapsed time: 19.603164 seconds (0d 0h 0m 19s)

---------------  T H R E A D  ---------------

Current thread (0x0000023520cd5780):  VMThread "VM Thread" [stack: 0x000000e001200000,0x000000e001300000] [id=3088]

Stack: [0x000000e001200000,0x000000e001300000]
Native frames: (J=compiled Java code, j=interpreted, Vv=VM code, C=native code)
V  [jvm.dll+0x67754a]
V  [jvm.dll+0x834304]
V  [jvm.dll+0x835aae]
V  [jvm.dll+0x836113]
V  [jvm.dll+0x24696f]
V  [jvm.dll+0x6743f9]
V  [jvm.dll+0x668c8a]
V  [jvm.dll+0x3061bb]
V  [jvm.dll+0x30d6a6]
V  [jvm.dll+0x35cece]
V  [jvm.dll+0x35d0ff]
V  [jvm.dll+0x2dd048]
V  [jvm.dll+0x2db20c]
V  [jvm.dll+0x2da7dc]
V  [jvm.dll+0x31ea01]
V  [jvm.dll+0x83a5bb]
V  [jvm.dll+0x83b2f4]
V  [jvm.dll+0x83b80c]
V  [jvm.dll+0x83bbe4]
V  [jvm.dll+0x83bcb0]
V  [jvm.dll+0x7e4e7a]
V  [jvm.dll+0x676395]
C  [ucrtbase.dll+0x21bb2]
C  [KERNEL32.DLL+0x17034]
C  [ntdll.dll+0x52651]

VM_Operation (0x000000e0024fb900): G1TryInitiateConcMark, mode: safepoint, requested by thread 0x00000235257157a0


---------------  P R O C E S S  ---------------

Threads class SMR info:
_java_thread_list=0x000002352a9b4da0, length=19, elements={
0x000002350591e870, 0x0000023520cd8650, 0x0000023520cdab40, 0x0000023520cedc30,
0x0000023520cee4f0, 0x0000023520ceeea0, 0x0000023520cf1000, 0x0000023520cfa0c0,
0x0000023520cfab60, 0x0000023520d0e400, 0x00000235059c6fa0, 0x000002352516b750,
0x000002352550df70, 0x00000235256e72b0, 0x00000235257157a0, 0x00000235257e9080,
0x0000023525717400, 0x0000023525827c90, 0x0000023525828fd0
}

Java Threads: ( => current thread )
  0x000002350591e870 JavaThread "main" [_thread_blocked, id=6324, stack(0x000000e000c00000,0x000000e000d00000)]
  0x0000023520cd8650 JavaThread "Reference Handler" daemon [_thread_blocked, id=2008, stack(0x000000e001300000,0x000000e001400000)]
  0x0000023520cdab40 JavaThread "Finalizer" daemon [_thread_blocked, id=3116, stack(0x000000e001400000,0x000000e001500000)]
  0x0000023520cedc30 JavaThread "Signal Dispatcher" daemon [_thread_blocked, id=4820, stack(0x000000e001500000,0x000000e001600000)]
  0x0000023520cee4f0 JavaThread "Attach Listener" daemon [_thread_blocked, id=8, stack(0x000000e001600000,0x000000e001700000)]
  0x0000023520ceeea0 JavaThread "Service Thread" daemon [_thread_blocked, id=7776, stack(0x000000e001700000,0x000000e001800000)]
  0x0000023520cf1000 JavaThread "Monitor Deflation Thread" daemon [_thread_blocked, id=8084, stack(0x000000e001800000,0x000000e001900000)]
  0x0000023520cfa0c0 JavaThread "C2 CompilerThread0" daemon [_thread_blocked, id=7128, stack(0x000000e001900000,0x000000e001a00000)]
  0x0000023520cfab60 JavaThread "C1 CompilerThread0" daemon [_thread_blocked, id=4360, stack(0x000000e001a00000,0x000000e001b00000)]
  0x0000023520d0e400 JavaThread "Sweeper thread" daemon [_thread_blocked, id=2884, stack(0x000000e001b00000,0x000000e001c00000)]
  0x00000235059c6fa0 JavaThread "Common-Cleaner" daemon [_thread_blocked, id=1312, stack(0x000000e001c00000,0x000000e001d00000)]
  0x000002352516b750 JavaThread "Notification Thread" daemon [_thread_blocked, id=4880, stack(0x000000e001d00000,0x000000e001e00000)]
  0x000002352550df70 JavaThread "QuantumRenderer-0" daemon [_thread_blocked, id=5908, stack(0x000000e001f00000,0x000000e002000000)]
  0x00000235256e72b0 JavaThread "InvokeLaterDispatcher" daemon [_thread_blocked, id=4592, stack(0x000000e002300000,0x000000e002400000)]
  0x00000235257157a0 JavaThread "JavaFX Application Thread" [_thread_blocked, id=2760, stack(0x000000e002400000,0x000000e002500000)]
  0x00000235257e9080 JavaThread "Thread-1" daemon [_thread_blocked, id=7104, stack(0x000000e002500000,0x000000e002600000)]
  0x0000023525717400 JavaThread "JavaFX-Launcher" [_thread_blocked, id=4844, stack(0x000000e002600000,0x000000e002700000)]
  0x0000023525827c90 JavaThread "Prism Font Disposer" daemon [_thread_blocked, id=4780, stack(0x000000e002700000,0x000000e002800000)]
  0x0000023525828fd0 JavaThread "Cleaner-0" daemon [_thread_blocked, id=7320, stack(0x000000e002e00000,0x000000e002f00000)]

Other Threads:
=>0x0000023520cd5780 VMThread "VM Thread" [stack: 0x000000e001200000,0x000000e001300000] [id=3088]
  0x000002350391e610 WatcherThread [stack: 0x000000e001e00000,0x000000e001f00000] [id=232]
  0x0000023505957c50 GCTaskThread "GC Thread#0" [stack: 0x000000e000d00000,0x000000e000e00000] [id=4932]
  0x00000235256ed430 GCTaskThread "GC Thread#1" [stack: 0x000000e002000000,0x000000e002100000] [id=5644]
  0x0000023525701870 GCTaskThread "GC Thread#2" [stack: 0x000000e002100000,0x000000e002200000] [id=2104]
  0x0000023525701b20 GCTaskThread "GC Thread#3" [stack: 0x000000e002200000,0x000000e002300000] [id=2188]
  0x0000023505960650 ConcurrentGCThread "G1 Main Marker" [stack: 0x000000e000e00000,0x000000e000f00000] [id=1744]
  0x0000023505961800 ConcurrentGCThread "G1 Conc#0" [stack: 0x000000e000f00000,0x000000e001000000] [id=2328]
  0x00000235059a5ca0 ConcurrentGCThread "G1 Refine#0" [stack: 0x000000e001000000,0x000000e001100000] [id=5336]
  0x00000235059a66c0 ConcurrentGCThread "G1 Service" [stack: 0x000000e001100000,0x000000e001200000] [id=2268]

Threads with active compile tasks:
C1 CompilerThread0    19867 3818       3       javafx.fxml.FXMLLoader$ValueElement::processEndElement (194 bytes)

VM state: at safepoint (normal execution)

VM Mutex/Monitor currently owned by a thread:  ([mutex/lock_event])
[0x000002350391a3c0] Threads_lock - owner thread: 0x0000023520cd5780
[0x000002350391b0b0] Heap_lock - owner thread: 0x00000235257157a0

Heap address: 0x00000000c2a00000, size: 982 MB, Compressed Oops mode: 32-bit

CDS archive(s) mapped at: [0x0000000800000000-0x0000000800bc0000-0x0000000800bc0000), size 12320768, SharedBaseAddress: 0x0000000800000000, ArchiveRelocationMode: 0.
Compressed class space mapped at: 0x0000000801000000-0x0000000841000000, reserved size: 1073741824
Narrow klass base: 0x0000000800000000, Narrow klass shift: 0, Narrow klass range: 0x100000000

GC Precious Log:
 CPUs: 4 total, 4 available
 Memory: 3927M
 Large Page Support: Disabled
 NUMA Support: Disabled
 Compressed Oops: Enabled (32-bit)
 Heap Region Size: 1M
 Heap Min Capacity: 8M
 Heap Initial Capacity: 62M
 Heap Max Capacity: 982M
 Pre-touch: Disabled
 Parallel Workers: 4
 Concurrent Workers: 1
 Concurrent Refinement Workers: 4
 Periodic GC: Disabled

Heap:
 garbage-first heap   total 111616K, used 64732K [0x00000000c2a00000, 0x0000000100000000)
  region size 1024K, 1 young (1024K), 1 survivors (1024K)
 Metaspace       used 18704K, committed 19008K, reserved 1114112K
  class space    used 2638K, committed 2816K, reserved 1048576K

Heap Regions: E=young(eden), S=young(survivor), O=old, HS=humongous(starts), HC=humongous(continues), CS=collection set, F=free, OA=open archive, CA=closed archive, TAMS=top-at-mark-start (previous, next)
|   0|0x00000000c2a00000, 0x00000000c2b00000, 0x00000000c2b00000|100%| O|  |TAMS 0x00000000c2b00000, 0x00000000c2b00000| Untracked 
|   1|0x00000000c2b00000, 0x00000000c2c00000, 0x00000000c2c00000|100%| O|  |TAMS 0x00000000c2c00000, 0x00000000c2c00000| Untracked 
|   2|0x00000000c2c00000, 0x00000000c2d00000, 0x00000000c2d00000|100%|HS|  |TAMS 0x00000000c2d00000, 0x00000000c2d00000| Complete 
|   3|0x00000000c2d00000, 0x00000000c2e00000, 0x00000000c2e00000|100%|HC|  |TAMS 0x00000000c2e00000, 0x00000000c2e00000| Complete 
|   4|0x00000000c2e00000, 0x00000000c2f00000, 0x00000000c2f00000|100%|HS|  |TAMS 0x00000000c2f00000, 0x00000000c2f00000| Complete 
|   5|0x00000000c2f00000, 0x00000000c3000000, 0x00000000c3000000|100%| O|  |TAMS 0x00000000c3000000, 0x00000000c3000000| Untracked 
|   6|0x00000000c3000000, 0x00000000c3100000, 0x00000000c3100000|100%| O|  |TAMS 0x00000000c3100000, 0x00000000c3100000| Untracked 
|   7|0x00000000c3100000, 0x00000000c3200000, 0x00000000c3200000|100%|HS|  |TAMS 0x00000000c3200000, 0x00000000c3200000| Complete 
|   8|0x00000000c3200000, 0x00000000c3300000, 0x00000000c3300000|100%|HC|  |TAMS 0x00000000c3300000, 0x00000000c3300000| Complete 
|   9|0x00000000c3300000, 0x00000000c3400000, 0x00000000c3400000|100%|HC|  |TAMS 0x00000000c3400000, 0x00000000c3400000| Complete 
|  10|0x00000000c3400000, 0x00000000c3500000, 0x00000000c3500000|100%|HS|  |TAMS 0x00000000c3500000, 0x00000000c3500000| Complete 
|  11|0x00000000c3500000, 0x00000000c3600000, 0x00000000c3600000|100%|HC|  |TAMS 0x00000000c3600000, 0x00000000c3600000| Complete 
|  12|0x00000000c3600000, 0x00000000c3700000, 0x00000000c3700000|100%|HS|  |TAMS 0x00000000c3700000, 0x00000000c3700000| Complete 
|  13|0x00000000c3700000, 0x00000000c3800000, 0x00000000c3800000|100%|HC|  |TAMS 0x00000000c3800000, 0x00000000c3800000| Complete 
|  14|0x00000000c3800000, 0x00000000c3900000, 0x00000000c3900000|100%|HC|  |TAMS 0x00000000c3900000, 0x00000000c3900000| Complete 
|  15|0x00000000c3900000, 0x00000000c3900000, 0x00000000c3a00000|  0%| F|  |TAMS 0x00000000c3900000, 0x00000000c3900000| Untracked 
|  16|0x00000000c3a00000, 0x00000000c3a00000, 0x00000000c3b00000|  0%| F|  |TAMS 0x00000000c3a00000, 0x00000000c3a00000| Untracked 
|  17|0x00000000c3b00000, 0x00000000c3c00000, 0x00000000c3c00000|100%|HS|  |TAMS 0x00000000c3c00000, 0x00000000c3c00000| Complete 
|  18|0x00000000c3c00000, 0x00000000c3d00000, 0x00000000c3d00000|100%|HC|  |TAMS 0x00000000c3d00000, 0x00000000c3d00000| Complete 
|  19|0x00000000c3d00000, 0x00000000c3e00000, 0x00000000c3e00000|100%| O|  |TAMS 0x00000000c3e00000, 0x00000000c3e00000| Untracked 
|  20|0x00000000c3e00000, 0x00000000c3f00000, 0x00000000c3f00000|100%|HS|  |TAMS 0x00000000c3f00000, 0x00000000c3f00000| Complete 
|  21|0x00000000c3f00000, 0x00000000c4000000, 0x00000000c4000000|100%|HC|  |TAMS 0x00000000c4000000, 0x00000000c4000000| Complete 
|  22|0x00000000c4000000, 0x00000000c40d1200, 0x00000000c4100000| 81%| O|  |TAMS 0x00000000c40d1200, 0x00000000c40d1200| Untracked 
|  23|0x00000000c4100000, 0x00000000c4100000, 0x00000000c4200000|  0%| F|  |TAMS 0x00000000c4100000, 0x00000000c4100000| Untracked 
|  24|0x00000000c4200000, 0x00000000c4200000, 0x00000000c4300000|  0%| F|  |TAMS 0x00000000c4200000, 0x00000000c4200000| Untracked 
|  25|0x00000000c4300000, 0x00000000c4400000, 0x00000000c4400000|100%|HS|  |TAMS 0x00000000c4400000, 0x00000000c4400000| Complete 
|  26|0x00000000c4400000, 0x00000000c4500000, 0x00000000c4500000|100%|HC|  |TAMS 0x00000000c4500000, 0x00000000c4500000| Complete 
|  27|0x00000000c4500000, 0x00000000c4600000, 0x00000000c4600000|100%|HC|  |TAMS 0x00000000c4600000, 0x00000000c4600000| Complete 
|  28|0x00000000c4600000, 0x00000000c4700000, 0x00000000c4700000|100%|HC|  |TAMS 0x00000000c4700000, 0x00000000c4700000| Complete 
|  29|0x00000000c4700000, 0x00000000c4800000, 0x00000000c4800000|100%|HC|  |TAMS 0x00000000c4800000, 0x00000000c4800000| Complete 
|  30|0x00000000c4800000, 0x00000000c4900000, 0x00000000c4900000|100%|HC|  |TAMS 0x00000000c4900000, 0x00000000c4900000| Complete 
|  31|0x00000000c4900000, 0x00000000c4a00000, 0x00000000c4a00000|100%|HC|  |TAMS 0x00000000c4a00000, 0x00000000c4a00000| Complete 
|  32|0x00000000c4a00000, 0x00000000c4b00000, 0x00000000c4b00000|100%|HC|  |TAMS 0x00000000c4b00000, 0x00000000c4b00000| Complete 
|  33|0x00000000c4b00000, 0x00000000c4c00000, 0x00000000c4c00000|100%| O|  |TAMS 0x00000000c4c00000, 0x00000000c4c00000| Untracked 
|  34|0x00000000c4c00000, 0x00000000c4d00000, 0x00000000c4d00000|100%| O|  |TAMS 0x00000000c4d00000, 0x00000000c4d00000| Untracked 
|  35|0x00000000c4d00000, 0x00000000c4e00000, 0x00000000c4e00000|100%| O|  |TAMS 0x00000000c4e00000, 0x00000000c4e00000| Untracked 
|  36|0x00000000c4e00000, 0x00000000c4f00000, 0x00000000c4f00000|100%| O|  |TAMS 0x00000000c4f00000, 0x00000000c4f00000| Untracked 
|  37|0x00000000c4f00000, 0x00000000c5000000, 0x00000000c5000000|100%|HS|  |TAMS 0x00000000c5000000, 0x00000000c5000000| Complete 
|  38|0x00000000c5000000, 0x00000000c5100000, 0x00000000c5100000|100%|HC|  |TAMS 0x00000000c5100000, 0x00000000c5100000| Complete 
|  39|0x00000000c5100000, 0x00000000c5200000, 0x00000000c5200000|100%|HC|  |TAMS 0x00000000c5200000, 0x00000000c5200000| Complete 
|  40|0x00000000c5200000, 0x00000000c5300000, 0x00000000c5300000|100%|HS|  |TAMS 0x00000000c5300000, 0x00000000c5300000| Complete 
|  41|0x00000000c5300000, 0x00000000c5400000, 0x00000000c5400000|100%|HC|  |TAMS 0x00000000c5400000, 0x00000000c5400000| Complete 
|  42|0x00000000c5400000, 0x00000000c5500000, 0x00000000c5500000|100%|HC|  |TAMS 0x00000000c5500000, 0x00000000c5500000| Complete 
|  43|0x00000000c5500000, 0x00000000c5600000, 0x00000000c5600000|100%|HC|  |TAMS 0x00000000c5600000, 0x00000000c5600000| Complete 
|  44|0x00000000c5600000, 0x00000000c5700000, 0x00000000c5700000|100%|HC|  |TAMS 0x00000000c5700000, 0x00000000c5700000| Complete 
|  45|0x00000000c5700000, 0x00000000c5800000, 0x00000000c5800000|100%|HC|  |TAMS 0x00000000c5800000, 0x00000000c5800000| Complete 
|  46|0x00000000c5800000, 0x00000000c5900000, 0x00000000c5900000|100%|HC|  |TAMS 0x00000000c5900000, 0x00000000c5900000| Complete 
|  47|0x00000000c5900000, 0x00000000c5a00000, 0x00000000c5a00000|100%|HC|  |TAMS 0x00000000c5a00000, 0x00000000c5a00000| Complete 
|  48|0x00000000c5a00000, 0x00000000c5b00000, 0x00000000c5b00000|100%|HS|  |TAMS 0x00000000c5b00000, 0x00000000c5b00000| Complete 
|  49|0x00000000c5b00000, 0x00000000c5c00000, 0x00000000c5c00000|100%|HC|  |TAMS 0x00000000c5c00000, 0x00000000c5c00000| Complete 
|  50|0x00000000c5c00000, 0x00000000c5d00000, 0x00000000c5d00000|100%|HC|  |TAMS 0x00000000c5d00000, 0x00000000c5d00000| Complete 
|  51|0x00000000c5d00000, 0x00000000c5e00000, 0x00000000c5e00000|100%|HC|  |TAMS 0x00000000c5e00000, 0x00000000c5e00000| Complete 
|  52|0x00000000c5e00000, 0x00000000c5f00000, 0x00000000c5f00000|100%|HC|  |TAMS 0x00000000c5f00000, 0x00000000c5f00000| Complete 
|  53|0x00000000c5f00000, 0x00000000c6000000, 0x00000000c6000000|100%|HC|  |TAMS 0x00000000c6000000, 0x00000000c6000000| Complete 
|  54|0x00000000c6000000, 0x00000000c6100000, 0x00000000c6100000|100%|HC|  |TAMS 0x00000000c6100000, 0x00000000c6100000| Complete 
|  55|0x00000000c6100000, 0x00000000c6200000, 0x00000000c6200000|100%|HC|  |TAMS 0x00000000c6200000, 0x00000000c6200000| Complete 
|  56|0x00000000c6200000, 0x00000000c6300000, 0x00000000c6300000|100%|HS|  |TAMS 0x00000000c6300000, 0x00000000c6300000| Complete 
|  57|0x00000000c6300000, 0x00000000c6400000, 0x00000000c6400000|100%|HC|  |TAMS 0x00000000c6400000, 0x00000000c6400000| Complete 
|  58|0x00000000c6400000, 0x00000000c6500000, 0x00000000c6500000|100%|HC|  |TAMS 0x00000000c6500000, 0x00000000c6500000| Complete 
|  59|0x00000000c6500000, 0x00000000c6600000, 0x00000000c6600000|100%|HS|  |TAMS 0x00000000c6500000, 0x00000000c6600000| Complete 
|  60|0x00000000c6600000, 0x00000000c6700000, 0x00000000c6700000|100%|HC|  |TAMS 0x00000000c6600000, 0x00000000c6700000| Complete 
|  61|0x00000000c6700000, 0x00000000c6800000, 0x00000000c6800000|100%|HC|  |TAMS 0x00000000c6700000, 0x00000000c6800000| Complete 
|  62|0x00000000c6800000, 0x00000000c6900000, 0x00000000c6900000|100%|HC|  |TAMS 0x00000000c6800000, 0x00000000c6900000| Complete 
|  63|0x00000000c6900000, 0x00000000c6a00000, 0x00000000c6a00000|100%|HC|  |TAMS 0x00000000c6900000, 0x00000000c6a00000| Complete 
|  64|0x00000000c6a00000, 0x00000000c6b00000, 0x00000000c6b00000|100%|HC|  |TAMS 0x00000000c6a00000, 0x00000000c6b00000| Complete 
|  65|0x00000000c6b00000, 0x00000000c6c00000, 0x00000000c6c00000|100%|HC|  |TAMS 0x00000000c6b00000, 0x00000000c6c00000| Complete 
|  66|0x00000000c6c00000, 0x00000000c6d00000, 0x00000000c6d00000|100%|HC|  |TAMS 0x00000000c6c00000, 0x00000000c6d00000| Complete 
|  67|0x00000000c6d00000, 0x00000000c6d00000, 0x00000000c6e00000|  0%| F|  |TAMS 0x00000000c6d00000, 0x00000000c6d00000| Untracked 
|  68|0x00000000c6e00000, 0x00000000c6e00000, 0x00000000c6f00000|  0%| F|  |TAMS 0x00000000c6e00000, 0x00000000c6e00000| Untracked 
|  69|0x00000000c6f00000, 0x00000000c6f00000, 0x00000000c7000000|  0%| F|  |TAMS 0x00000000c6f00000, 0x00000000c6f00000| Untracked 
|  70|0x00000000c7000000, 0x00000000c7000000, 0x00000000c7100000|  0%| F|  |TAMS 0x00000000c7000000, 0x00000000c7000000| Untracked 
|  71|0x00000000c7100000, 0x00000000c7100000, 0x00000000c7200000|  0%| F|  |TAMS 0x00000000c7100000, 0x00000000c7100000| Untracked 
|  72|0x00000000c7200000, 0x00000000c7200000, 0x00000000c7300000|  0%| F|  |TAMS 0x00000000c7200000, 0x00000000c7200000| Untracked 
|  73|0x00000000c7300000, 0x00000000c7300000, 0x00000000c7400000|  0%| F|  |TAMS 0x00000000c7300000, 0x00000000c7300000| Untracked 
|  74|0x00000000c7400000, 0x00000000c7400000, 0x00000000c7500000|  0%| F|  |TAMS 0x00000000c7400000, 0x00000000c7400000| Untracked 
|  75|0x00000000c7500000, 0x00000000c7500000, 0x00000000c7600000|  0%| F|  |TAMS 0x00000000c7500000, 0x00000000c7500000| Untracked 
|  76|0x00000000c7600000, 0x00000000c7600000, 0x00000000c7700000|  0%| F|  |TAMS 0x00000000c7600000, 0x00000000c7600000| Untracked 
|  77|0x00000000c7700000, 0x00000000c7700000, 0x00000000c7800000|  0%| F|  |TAMS 0x00000000c7700000, 0x00000000c7700000| Untracked 
|  78|0x00000000c7800000, 0x00000000c7800000, 0x00000000c7900000|  0%| F|  |TAMS 0x00000000c7800000, 0x00000000c7800000| Untracked 
|  79|0x00000000c7900000, 0x00000000c7900000, 0x00000000c7a00000|  0%| F|  |TAMS 0x00000000c7900000, 0x00000000c7900000| Untracked 
|  80|0x00000000c7a00000, 0x00000000c7a00000, 0x00000000c7b00000|  0%| F|  |TAMS 0x00000000c7a00000, 0x00000000c7a00000| Untracked 
|  81|0x00000000c7b00000, 0x00000000c7b00000, 0x00000000c7c00000|  0%| F|  |TAMS 0x00000000c7b00000, 0x00000000c7b00000| Untracked 
|  82|0x00000000c7c00000, 0x00000000c7c00000, 0x00000000c7d00000|  0%| F|  |TAMS 0x00000000c7c00000, 0x00000000c7c00000| Untracked 
|  83|0x00000000c7d00000, 0x00000000c7d00000, 0x00000000c7e00000|  0%| F|  |TAMS 0x00000000c7d00000, 0x00000000c7d00000| Untracked 
|  84|0x00000000c7e00000, 0x00000000c7e00000, 0x00000000c7f00000|  0%| F|  |TAMS 0x00000000c7e00000, 0x00000000c7e00000| Untracked 
|  85|0x00000000c7f00000, 0x00000000c7f00000, 0x00000000c8000000|  0%| F|  |TAMS 0x00000000c7f00000, 0x00000000c7f00000| Untracked 
|  86|0x00000000c8000000, 0x00000000c8000000, 0x00000000c8100000|  0%| F|  |TAMS 0x00000000c8000000, 0x00000000c8000000| Untracked 
|  87|0x00000000c8100000, 0x00000000c8100000, 0x00000000c8200000|  0%| F|  |TAMS 0x00000000c8100000, 0x00000000c8100000| Untracked 
|  88|0x00000000c8200000, 0x00000000c8200000, 0x00000000c8300000|  0%| F|  |TAMS 0x00000000c8200000, 0x00000000c8200000| Untracked 
|  89|0x00000000c8300000, 0x00000000c8300000, 0x00000000c8400000|  0%| F|  |TAMS 0x00000000c8300000, 0x00000000c8300000| Untracked 
|  90|0x00000000c8400000, 0x00000000c8400000, 0x00000000c8500000|  0%| F|  |TAMS 0x00000000c8400000, 0x00000000c8400000| Untracked 
|  91|0x00000000c8500000, 0x00000000c8500000, 0x00000000c8600000|  0%| F|  |TAMS 0x00000000c8500000, 0x00000000c8500000| Untracked 
|  92|0x00000000c8600000, 0x00000000c8600000, 0x00000000c8700000|  0%| F|  |TAMS 0x00000000c8600000, 0x00000000c8600000| Untracked 
|  93|0x00000000c8700000, 0x00000000c8700000, 0x00000000c8800000|  0%| F|  |TAMS 0x00000000c8700000, 0x00000000c8700000| Untracked 
|  94|0x00000000c8800000, 0x00000000c8800000, 0x00000000c8900000|  0%| F|  |TAMS 0x00000000c8800000, 0x00000000c8800000| Untracked 
|  95|0x00000000c8900000, 0x00000000c8900000, 0x00000000c8a00000|  0%| F|  |TAMS 0x00000000c8900000, 0x00000000c8900000| Untracked 
|  96|0x00000000c8a00000, 0x00000000c8a00000, 0x00000000c8b00000|  0%| F|  |TAMS 0x00000000c8a00000, 0x00000000c8a00000| Untracked 
|  97|0x00000000c8b00000, 0x00000000c8b00000, 0x00000000c8c00000|  0%| F|  |TAMS 0x00000000c8b00000, 0x00000000c8b00000| Untracked 
|  98|0x00000000c8c00000, 0x00000000c8c00000, 0x00000000c8d00000|  0%| F|  |TAMS 0x00000000c8c00000, 0x00000000c8c00000| Untracked 
|  99|0x00000000c8d00000, 0x00000000c8d00000, 0x00000000c8e00000|  0%| F|  |TAMS 0x00000000c8d00000, 0x00000000c8d00000| Untracked 
| 100|0x00000000c8e00000, 0x00000000c8e00000, 0x00000000c8f00000|  0%| F|  |TAMS 0x00000000c8e00000, 0x00000000c8e00000| Untracked 
| 101|0x00000000c8f00000, 0x00000000c8f00000, 0x00000000c9000000|  0%| F|  |TAMS 0x00000000c8f00000, 0x00000000c8f00000| Untracked 
| 102|0x00000000c9000000, 0x00000000c9000000, 0x00000000c9100000|  0%| F|  |TAMS 0x00000000c9000000, 0x00000000c9000000| Untracked 
| 103|0x00000000c9100000, 0x00000000c9100000, 0x00000000c9200000|  0%| F|  |TAMS 0x00000000c9100000, 0x00000000c9100000| Untracked 
| 104|0x00000000c9200000, 0x00000000c9200000, 0x00000000c9300000|  0%| F|  |TAMS 0x00000000c9200000, 0x00000000c9200000| Untracked 
| 105|0x00000000c9300000, 0x00000000c9300000, 0x00000000c9400000|  0%| F|  |TAMS 0x00000000c9300000, 0x00000000c9300000| Untracked 
| 106|0x00000000c9400000, 0x00000000c9400000, 0x00000000c9500000|  0%| F|  |TAMS 0x00000000c9400000, 0x00000000c9400000| Untracked 
| 107|0x00000000c9500000, 0x00000000c9500000, 0x00000000c9600000|  0%| F|  |TAMS 0x00000000c9500000, 0x00000000c9500000| Untracked 
| 108|0x00000000c9600000, 0x00000000c9666000, 0x00000000c9700000| 39%| S|CS|TAMS 0x00000000c9600000, 0x00000000c9600000| Complete 

Card table byte_map: [0x000002351c5e0000,0x000002351c7d0000] _byte_map_base: 0x000002351bfcb000

Marking Bits (Prev, Next): (CMBitMap*) 0x00000235059582a0, (CMBitMap*) 0x0000023505958260
 Prev Bits: [0x000002351d920000, 0x000002351e878000)
 Next Bits: [0x000002351c9c0000, 0x000002351d918000)

Polling page: 0x0000023503800000

Metaspace:

Usage:
  Non-class:     15.69 MB used.
      Class:      2.58 MB used.
       Both:     18.27 MB used.

Virtual space:
  Non-class space:       64.00 MB reserved,      15.81 MB ( 25%) committed,  1 nodes.
      Class space:        1.00 GB reserved,       2.75 MB ( <1%) committed,  1 nodes.
             Both:        1.06 GB reserved,      18.56 MB (  2%) committed. 

Chunk freelists:
   Non-Class:  34.00 KB
       Class:  13.31 MB
        Both:  13.34 MB

MaxMetaspaceSize: unlimited
CompressedClassSpaceSize: 1.00 GB
Initial GC threshold: 21.00 MB
Current GC threshold: 30.75 MB
CDS: on
MetaspaceReclaimPolicy: balanced
 - commit_granule_bytes: 65536.
 - commit_granule_words: 8192.
 - virtual_space_node_default_size: 8388608.
 - enlarge_chunks_in_place: 1.
 - new_chunks_are_fully_committed: 0.
 - uncommit_free_chunks: 1.
 - use_allocation_guard: 0.
 - handle_deallocations: 1.


Internal statistics:

num_allocs_failed_limit: 0.
num_arena_births: 292.
num_arena_deaths: 0.
num_vsnodes_births: 2.
num_vsnodes_deaths: 0.
num_space_committed: 297.
num_space_uncommitted: 0.
num_chunks_returned_to_freelist: 0.
num_chunks_taken_from_freelist: 957.
num_chunk_merges: 0.
num_chunk_splits: 631.
num_chunks_enlarged: 438.
num_inconsistent_stats: 0.

CodeHeap 'non-profiled nmethods': size=120000Kb used=1387Kb max_used=1387Kb free=118613Kb
 bounds [0x0000023514ec0000, 0x0000023515130000, 0x000002351c3f0000]
CodeHeap 'profiled nmethods': size=120000Kb used=8127Kb max_used=8127Kb free=111872Kb
 bounds [0x000002350d3f0000, 0x000002350dbe0000, 0x0000023514920000]
CodeHeap 'non-nmethods': size=5760Kb used=1429Kb max_used=1465Kb free=4330Kb
 bounds [0x0000023514920000, 0x0000023514b90000, 0x0000023514ec0000]
 total_blobs=4608 nmethods=3813 adapters=707
 compilation: enabled
              stopped_count=0, restarted_count=0
 full_count=0

Compilation events (20 events):
Event: 19.436 Thread 0x0000023520cfa0c0 nmethod 3807 0x000002351501a890 code [0x000002351501aa00, 0x000002351501aaf8]
Event: 19.436 Thread 0x0000023520cfab60 3809   !   3       jdk.proxy2.$Proxy6::annotationType (29 bytes)
Event: 19.437 Thread 0x0000023520cfab60 nmethod 3809 0x000002350dbdc810 code [0x000002350dbdc9e0, 0x000002350dbdcd98]
Event: 19.437 Thread 0x0000023520cfab60 3810       3       java.util.LinkedHashMap$LinkedKeySet::size (8 bytes)
Event: 19.437 Thread 0x0000023520cfab60 nmethod 3810 0x000002350dbdcf90 code [0x000002350dbdd120, 0x000002350dbdd238]
Event: 19.437 Thread 0x0000023520cfab60 3811       3       com.sun.javafx.fxml.builder.ProxyBuilder::getArgumentNames (29 bytes)
Event: 19.437 Thread 0x0000023520cfab60 nmethod 3811 0x000002350dbdd310 code [0x000002350dbdd4e0, 0x000002350dbdd8d8]
Event: 19.438 Thread 0x0000023520cfab60 3812       3       java.lang.reflect.Constructor::equals (38 bytes)
Event: 19.438 Thread 0x0000023520cfab60 nmethod 3812 0x000002350dbdda10 code [0x000002350dbddbe0, 0x000002350dbde088]
Event: 19.438 Thread 0x0000023520cfab60 3813       3       java.lang.reflect.Executable::equalParamTypes (36 bytes)
Event: 19.439 Thread 0x0000023520cfab60 nmethod 3813 0x000002350dbde190 code [0x000002350dbde340, 0x000002350dbde618]
Event: 19.439 Thread 0x0000023520cfab60 3814       3       java.util.TreeMap::put (8 bytes)
Event: 19.439 Thread 0x0000023520cfab60 nmethod 3814 0x000002350dbde710 code [0x000002350dbde8a0, 0x000002350dbde9e8]
Event: 19.439 Thread 0x0000023520cfab60 3815       3       javafx.fxml.FXMLLoader$InstanceDeclarationElement::<init> (26 bytes)
Event: 19.440 Thread 0x0000023520cfab60 nmethod 3815 0x000002350dbdea90 code [0x000002350dbdec40, 0x000002350dbdefa8]
Event: 19.440 Thread 0x0000023520cfab60 3816       3       javafx.fxml.FXMLLoader$ValueElement::<init> (16 bytes)
Event: 19.440 Thread 0x0000023520cfab60 nmethod 3816 0x000002350dbdf090 code [0x000002350dbdf240, 0x000002350dbdf408]
Event: 19.440 Thread 0x0000023520cfab60 3817       3       javafx.fxml.FXMLLoader$ValueElement::processStartElement (34 bytes)
Event: 19.440 Thread 0x0000023520cfab60 nmethod 3817 0x000002350dbdf490 code [0x000002350dbdf680, 0x000002350dbdfbf8]
Event: 19.441 Thread 0x0000023520cfab60 3818       3       javafx.fxml.FXMLLoader$ValueElement::processEndElement (194 bytes)

GC Heap History (20 events):
Event: 12.663 GC heap after
{Heap after GC invocations=3 (full 0):
 garbage-first heap   total 63488K, used 11522K [0x00000000c2a00000, 0x0000000100000000)
  region size 1024K, 5 young (5120K), 5 survivors (5120K)
 Metaspace       used 16434K, committed 16640K, reserved 1114112K
  class space    used 2380K, committed 2496K, reserved 1048576K
}
Event: 17.153 GC heap before
{Heap before GC invocations=3 (full 0):
 garbage-first heap   total 63488K, used 41218K [0x00000000c2a00000, 0x0000000100000000)
  region size 1024K, 15 young (15360K), 5 survivors (5120K)
 Metaspace       used 18338K, committed 18624K, reserved 1114112K
  class space    used 2629K, committed 2752K, reserved 1048576K
}
Event: 17.162 GC heap after
{Heap after GC invocations=4 (full 0):
 garbage-first heap   total 63488K, used 33795K [0x00000000c2a00000, 0x0000000100000000)
  region size 1024K, 2 young (2048K), 2 survivors (2048K)
 Metaspace       used 18338K, committed 18624K, reserved 1114112K
  class space    used 2629K, committed 2752K, reserved 1048576K
}
Event: 17.224 GC heap before
{Heap before GC invocations=5 (full 0):
 garbage-first heap   total 63488K, used 35843K [0x00000000c2a00000, 0x0000000100000000)
  region size 1024K, 3 young (3072K), 2 survivors (2048K)
 Metaspace       used 18341K, committed 18624K, reserved 1114112K
  class space    used 2629K, committed 2752K, reserved 1048576K
}
Event: 17.228 GC heap after
{Heap after GC invocations=6 (full 0):
 garbage-first heap   total 63488K, used 35980K [0x00000000c2a00000, 0x0000000100000000)
  region size 1024K, 1 young (1024K), 1 survivors (1024K)
 Metaspace       used 18341K, committed 18624K, reserved 1114112K
  class space    used 2629K, committed 2752K, reserved 1048576K
}
Event: 17.904 GC heap before
{Heap before GC invocations=7 (full 0):
 garbage-first heap   total 65536K, used 41100K [0x00000000c2a00000, 0x0000000100000000)
  region size 1024K, 3 young (3072K), 1 survivors (1024K)
 Metaspace       used 18454K, committed 18752K, reserved 1114112K
  class space    used 2629K, committed 2752K, reserved 1048576K
}
Event: 17.906 GC heap after
{Heap after GC invocations=8 (full 0):
 garbage-first heap   total 65536K, used 39975K [0x00000000c2a00000, 0x0000000100000000)
  region size 1024K, 1 young (1024K), 1 survivors (1024K)
 Metaspace       used 18454K, committed 18752K, reserved 1114112K
  class space    used 2629K, committed 2752K, reserved 1048576K
}
Event: 18.001 GC heap before
{Heap before GC invocations=9 (full 0):
 garbage-first heap   total 65536K, used 36903K [0x00000000c2a00000, 0x0000000100000000)
  region size 1024K, 2 young (2048K), 1 survivors (1024K)
 Metaspace       used 18466K, committed 18752K, reserved 1114112K
  class space    used 2629K, committed 2752K, reserved 1048576K
}
Event: 18.002 GC heap after
{Heap after GC invocations=10 (full 0):
 garbage-first heap   total 65536K, used 36897K [0x00000000c2a00000, 0x0000000100000000)
  region size 1024K, 1 young (1024K), 1 survivors (1024K)
 Metaspace       used 18466K, committed 18752K, reserved 1114112K
  class space    used 2629K, committed 2752K, reserved 1048576K
}
Event: 18.106 GC heap before
{Heap before GC invocations=11 (full 0):
 garbage-first heap   total 70656K, used 48161K [0x00000000c2a00000, 0x0000000100000000)
  region size 1024K, 2 young (2048K), 1 survivors (1024K)
 Metaspace       used 18510K, committed 18752K, reserved 1114112K
  class space    used 2633K, committed 2752K, reserved 1048576K
}
Event: 18.108 GC heap after
{Heap after GC invocations=12 (full 0):
 garbage-first heap   total 70656K, used 48197K [0x00000000c2a00000, 0x0000000100000000)
  region size 1024K, 1 young (1024K), 1 survivors (1024K)
 Metaspace       used 18510K, committed 18752K, reserved 1114112K
  class space    used 2633K, committed 2752K, reserved 1048576K
}
Event: 18.178 GC heap before
{Heap before GC invocations=13 (full 0):
 garbage-first heap   total 87040K, used 50245K [0x00000000c2a00000, 0x0000000100000000)
  region size 1024K, 2 young (2048K), 1 survivors (1024K)
 Metaspace       used 18540K, committed 18816K, reserved 1114112K
  class space    used 2633K, committed 2752K, reserved 1048576K
}
Event: 18.180 GC heap after
{Heap after GC invocations=14 (full 0):
 garbage-first heap   total 87040K, used 50269K [0x00000000c2a00000, 0x0000000100000000)
  region size 1024K, 1 young (1024K), 1 survivors (1024K)
 Metaspace       used 18540K, committed 18816K, reserved 1114112K
  class space    used 2633K, committed 2752K, reserved 1048576K
}
Event: 19.118 GC heap before
{Heap before GC invocations=15 (full 0):
 garbage-first heap   total 89088K, used 51293K [0x00000000c2a00000, 0x0000000100000000)
  region size 1024K, 2 young (2048K), 1 survivors (1024K)
 Metaspace       used 18608K, committed 18880K, reserved 1114112K
  class space    used 2633K, committed 2752K, reserved 1048576K
}
Event: 19.123 GC heap after
{Heap after GC invocations=16 (full 0):
 garbage-first heap   total 89088K, used 47242K [0x00000000c2a00000, 0x0000000100000000)
  region size 1024K, 1 young (1024K), 1 survivors (1024K)
 Metaspace       used 18608K, committed 18880K, reserved 1114112K
  class space    used 2633K, committed 2752K, reserved 1048576K
}
Event: 19.208 GC heap before
{Heap before GC invocations=17 (full 0):
 garbage-first heap   total 89088K, used 50314K [0x00000000c2a00000, 0x0000000100000000)
  region size 1024K, 2 young (2048K), 1 survivors (1024K)
 Metaspace       used 18648K, committed 18944K, reserved 1114112K
  class space    used 2636K, committed 2752K, reserved 1048576K
}
Event: 19.214 GC heap after
{Heap after GC invocations=18 (full 0):
 garbage-first heap   total 89088K, used 50325K [0x00000000c2a00000, 0x0000000100000000)
  region size 1024K, 1 young (1024K), 1 survivors (1024K)
 Metaspace       used 18648K, committed 18944K, reserved 1114112K
  class space    used 2636K, committed 2752K, reserved 1048576K
}
Event: 19.367 GC heap before
{Heap before GC invocations=19 (full 0):
 garbage-first heap   total 92160K, used 56469K [0x00000000c2a00000, 0x0000000100000000)
  region size 1024K, 2 young (2048K), 1 survivors (1024K)
 Metaspace       used 18690K, committed 19008K, reserved 1114112K
  class space    used 2638K, committed 2816K, reserved 1048576K
}
Event: 19.370 GC heap after
{Heap after GC invocations=20 (full 0):
 garbage-first heap   total 92160K, used 56511K [0x00000000c2a00000, 0x0000000100000000)
  region size 1024K, 1 young (1024K), 1 survivors (1024K)
 Metaspace       used 18690K, committed 19008K, reserved 1114112K
  class space    used 2638K, committed 2816K, reserved 1048576K
}
Event: 19.442 GC heap before
{Heap before GC invocations=21 (full 0):
 garbage-first heap   total 111616K, used 64703K [0x00000000c2a00000, 0x0000000100000000)
  region size 1024K, 2 young (2048K), 1 survivors (1024K)
 Metaspace       used 18704K, committed 19008K, reserved 1114112K
  class space    used 2638K, committed 2816K, reserved 1048576K
}

Dll operation events (20 events):
Event: 0.774 Loaded shared library C:\Users\USUARIO\.openjfx\cache\13\api-ms-win-crt-heap-l1-1-0.dll
Event: 0.780 Loaded shared library C:\Users\USUARIO\.openjfx\cache\13\api-ms-win-crt-locale-l1-1-0.dll
Event: 0.787 Loaded shared library C:\Users\USUARIO\.openjfx\cache\13\api-ms-win-crt-math-l1-1-0.dll
Event: 0.793 Loaded shared library C:\Users\USUARIO\.openjfx\cache\13\api-ms-win-crt-multibyte-l1-1-0.dll
Event: 0.800 Loaded shared library C:\Users\USUARIO\.openjfx\cache\13\api-ms-win-crt-private-l1-1-0.dll
Event: 0.805 Loaded shared library C:\Users\USUARIO\.openjfx\cache\13\api-ms-win-crt-process-l1-1-0.dll
Event: 0.811 Loaded shared library C:\Users\USUARIO\.openjfx\cache\13\api-ms-win-crt-runtime-l1-1-0.dll
Event: 0.817 Loaded shared library C:\Users\USUARIO\.openjfx\cache\13\api-ms-win-crt-stdio-l1-1-0.dll
Event: 0.823 Loaded shared library C:\Users\USUARIO\.openjfx\cache\13\api-ms-win-crt-string-l1-1-0.dll
Event: 0.829 Loaded shared library C:\Users\USUARIO\.openjfx\cache\13\api-ms-win-crt-time-l1-1-0.dll
Event: 0.835 Loaded shared library C:\Users\USUARIO\.openjfx\cache\13\api-ms-win-crt-utility-l1-1-0.dll
Event: 0.863 Loaded shared library C:\Users\USUARIO\.openjfx\cache\13\ucrtbase.dll
Event: 0.870 Loaded shared library C:\Users\USUARIO\.openjfx\cache\13\vcruntime140.dll
Event: 0.888 Loaded shared library C:\Users\USUARIO\.openjfx\cache\13\msvcp140.dll
Event: 0.901 Loaded shared library C:\Users\USUARIO\.openjfx\cache\13\concrt140.dll
Event: 0.978 Loaded shared library C:\Users\USUARIO\.openjfx\cache\13\prism_d3d.dll
Event: 1.042 Loaded shared library C:\Users\USUARIO\.openjfx\cache\13\glass.dll
Event: 1.260 Loaded shared library C:\Program Files\Eclipse Adoptium\jdk-17.0.7.7-hotspot\bin\jimage.dll
Event: 1.634 Loaded shared library C:\Users\USUARIO\.openjfx\cache\13\javafx_font.dll
Event: 12.440 Loaded shared library C:\Users\USUARIO\.openjfx\cache\13\javafx_iio.dll

Deoptimization events (20 events):
Event: 17.764 Thread 0x000002352550df70 DEOPT PACKING pc=0x000002350dab335a sp=0x000000e001ffd490
Event: 17.764 Thread 0x000002352550df70 DEOPT UNPACKING pc=0x0000023514977124 sp=0x000000e001ffc8c8 mode 0
Event: 17.774 Thread 0x000002352550df70 DEOPT PACKING pc=0x000002350dab37fc sp=0x000000e001ffd490
Event: 17.774 Thread 0x000002352550df70 DEOPT UNPACKING pc=0x0000023514977124 sp=0x000000e001ffc8c8 mode 0
Event: 17.903 Thread 0x00000235257157a0 Uncommon trap: trap_request=0xffffffde fr.pc=0x0000023514f6a6bc relative=0x000000000000003c
Event: 17.903 Thread 0x00000235257157a0 Uncommon trap: reason=class_check action=maybe_recompile pc=0x0000023514f6a6bc method=java.lang.StringConcatHelper.stringOf(Ljava/lang/Object;)Ljava/lang/String; @ 5 c2
Event: 17.903 Thread 0x00000235257157a0 DEOPT PACKING pc=0x0000023514f6a6bc sp=0x000000e0024fc3a0
Event: 17.903 Thread 0x00000235257157a0 DEOPT UNPACKING pc=0x000002351497699d sp=0x000000e0024fc338 mode 2
Event: 17.974 Thread 0x00000235257157a0 DEOPT PACKING pc=0x000002350d6574d6 sp=0x000000e0024fb960
Event: 17.974 Thread 0x00000235257157a0 DEOPT UNPACKING pc=0x0000023514977124 sp=0x000000e0024fae00 mode 0
Event: 18.528 Thread 0x000002352550df70 DEOPT PACKING pc=0x000002350dab3869 sp=0x000000e001ffd8e0
Event: 18.528 Thread 0x000002352550df70 DEOPT UNPACKING pc=0x0000023514977124 sp=0x000000e001ffcd18 mode 0
Event: 18.558 Thread 0x000002352550df70 DEOPT PACKING pc=0x000002350dab3869 sp=0x000000e001ffd490
Event: 18.559 Thread 0x000002352550df70 DEOPT UNPACKING pc=0x0000023514977124 sp=0x000000e001ffc8c8 mode 0
Event: 19.086 Thread 0x00000235257157a0 Uncommon trap: trap_request=0xffffffde fr.pc=0x0000023514f6a6bc relative=0x000000000000003c
Event: 19.086 Thread 0x00000235257157a0 Uncommon trap: reason=class_check action=maybe_recompile pc=0x0000023514f6a6bc method=java.lang.StringConcatHelper.stringOf(Ljava/lang/Object;)Ljava/lang/String; @ 5 c2
Event: 19.086 Thread 0x00000235257157a0 DEOPT PACKING pc=0x0000023514f6a6bc sp=0x000000e0024fc3c0
Event: 19.087 Thread 0x00000235257157a0 DEOPT UNPACKING pc=0x000002351497699d sp=0x000000e0024fc358 mode 2
Event: 19.354 Thread 0x00000235257157a0 DEOPT PACKING pc=0x000002350d6574d6 sp=0x000000e0024fb960
Event: 19.354 Thread 0x00000235257157a0 DEOPT UNPACKING pc=0x0000023514977124 sp=0x000000e0024fae00 mode 0

Classes unloaded (0 events):
No events

Classes redefined (0 events):
No events

Internal exceptions (20 events):
Event: 2.139 Thread 0x00000235257157a0 Implicit null exception at 0x0000023514f20733 to 0x0000023514f20bcc
Event: 2.142 Thread 0x00000235257157a0 Implicit null exception at 0x0000023514f1d1b3 to 0x0000023514f1d644
Event: 2.435 Thread 0x00000235257157a0 Exception <a 'java/lang/ClassNotFoundException'{0x00000000c5bc6ec8}: com/sun/javafx/scene/control/skin/resources/controls> (0x00000000c5bc6ec8) 
thrown [s\src\hotspot\share\prims\jni.cpp, line 535]
Event: 2.438 Thread 0x00000235257157a0 Exception <a 'java/lang/ClassNotFoundException'{0x00000000c5bd49c8}: com/sun/javafx/scene/control/skin/resources/controls_es> (0x00000000c5bd49c8) 
thrown [s\src\hotspot\share\prims\jni.cpp, line 535]
Event: 2.441 Thread 0x00000235257157a0 Exception <a 'java/lang/ClassNotFoundException'{0x00000000c5be2188}: com/sun/javafx/scene/control/skin/resources/controls_es_EC> (0x00000000c5be2188) 
thrown [s\src\hotspot\share\prims\jni.cpp, line 535]
Event: 2.546 Thread 0x00000235257157a0 Exception <a 'java/lang/NoSuchMethodError'{0x00000000c59a7f18}: 'void java.lang.invoke.DirectMethodHandle$Holder.invokeSpecial(java.lang.Object, java.lang.Object, java.lang.Object, java.lang.Object, java.lang.Object, java.lang.Object)'> (0x00000000c59a7f18) 
thrown [s\src\hotspot\share\interpreter\linkResolver.cpp, line 759]
Event: 2.609 Thread 0x00000235257157a0 Exception <a 'java/lang/NoSuchMethodError'{0x00000000c57f9020}: 'java.lang.Object java.lang.invoke.DirectMethodHandle$Holder.invokeInterface(java.lang.Object, java.lang.Object, java.lang.Object)'> (0x00000000c57f9020) 
thrown [s\src\hotspot\share\interpreter\linkResolver.cpp, line 759]
Event: 2.610 Thread 0x00000235257157a0 Exception <a 'java/lang/IncompatibleClassChangeError'{0x00000000c57fc9a8}: Found class java.lang.Object, but interface was expected> (0x00000000c57fc9a8) 
thrown [s\src\hotspot\share\interpreter\linkResolver.cpp, line 826]
Event: 2.732 Thread 0x00000235257157a0 Exception <a 'java/lang/NoSuchMethodError'{0x00000000c55d0238}: 'java.lang.Object java.lang.invoke.DirectMethodHandle$Holder.newInvokeSpecial(java.lang.Object, java.lang.Object, int)'> (0x00000000c55d0238) 
thrown [s\src\hotspot\share\interpreter\linkResolver.cpp, line 759]
Event: 2.778 Thread 0x000002352550df70 Exception <a 'java/lang/NoSuchMethodError'{0x00000000c5137a78}: 'int java.lang.invoke.DirectMethodHandle$Holder.invokeStaticInit(java.lang.Object, java.lang.Object)'> (0x00000000c5137a78) 
thrown [s\src\hotspot\share\interpreter\linkResolver.cpp, line 759]
Event: 2.805 Thread 0x00000235257157a0 Exception <a 'java/lang/NoSuchMethodError'{0x00000000c5193ff0}: 'long java.lang.invoke.DirectMethodHandle$Holder.invokeStatic(java.lang.Object, java.lang.Object, java.lang.Object)'> (0x00000000c5193ff0) 
thrown [s\src\hotspot\share\interpreter\linkResolver.cpp, line 759]
Event: 2.805 Thread 0x00000235257157a0 Exception <a 'java/lang/NoSuchMethodError'{0x00000000c5197798}: 'long java.lang.invoke.DirectMethodHandle$Holder.invokeStaticInit(java.lang.Object, java.lang.Object, java.lang.Object)'> (0x00000000c5197798) 
thrown [s\src\hotspot\share\interpreter\linkResolver.cpp, line 759]
Event: 2.813 Thread 0x00000235257157a0 Exception <a 'java/lang/NoSuchMethodError'{0x00000000c51af3a0}: 'java.lang.Object java.lang.invoke.DirectMethodHandle$Holder.newInvokeSpecial(java.lang.Object, java.lang.Object, long)'> (0x00000000c51af3a0) 
thrown [s\src\hotspot\share\interpreter\linkResolver.cpp, line 759]
Event: 2.813 Thread 0x00000235257157a0 Exception <a 'java/lang/NoSuchMethodError'{0x00000000c51b2f10}: 'java.lang.Object java.lang.invoke.Invokers$Holder.linkToTargetMethod(java.lang.Object, long, java.lang.Object)'> (0x00000000c51b2f10) 
thrown [s\src\hotspot\share\interpreter\linkResolver.cpp, line 759]
Event: 9.773 Thread 0x00000235257157a0 Exception <a 'java/io/FileNotFoundException'{0x00000000c4b863f8}> (0x00000000c4b863f8) 
thrown [s\src\hotspot\share\prims\jni.cpp, line 516]
Event: 9.787 Thread 0x00000235257157a0 Exception <a 'sun/nio/fs/WindowsException'{0x00000000c4bc7a10}> (0x00000000c4bc7a10) 
thrown [s\src\hotspot\share\prims\jni.cpp, line 516]
Event: 12.202 Thread 0x00000235257157a0 Exception <a 'java/io/FileNotFoundException'{0x00000000c4824d38}> (0x00000000c4824d38) 
thrown [s\src\hotspot\share\prims\jni.cpp, line 516]
Event: 12.470 Thread 0x00000235257157a0 Exception <a 'java/io/FileNotFoundException'{0x00000000c47f7ca0}> (0x00000000c47f7ca0) 
thrown [s\src\hotspot\share\prims\jni.cpp, line 516]
Event: 12.781 Thread 0x00000235257157a0 Exception <a 'java/lang/NoSuchMethodError'{0x00000000c6582518}: 'void java.lang.invoke.DirectMethodHandle$Holder.invokeSpecialIFC(java.lang.Object, java.lang.Object, java.lang.Object, java.lang.Object)'> (0x00000000c6582518) 
thrown [s\src\hotspot\share\interpreter\linkResolver.cpp, line 759]
Event: 12.826 Thread 0x00000235257157a0 Exception <a 'java/lang/NoSuchMethodError'{0x00000000c6306638}: 'int java.lang.invoke.DirectMethodHandle$Holder.invokeSpecial(java.lang.Object, java.lang.Object, int)'> (0x00000000c6306638) 
thrown [s\src\hotspot\share\interpreter\linkResolver.cpp, line 759]

VM Operations (20 events):
Event: 18.229 Executing VM operation: G1Concurrent done
Event: 19.118 Executing VM operation: G1TryInitiateConcMark
Event: 19.123 Executing VM operation: G1TryInitiateConcMark done
Event: 19.164 Executing VM operation: G1Concurrent
Event: 19.168 Executing VM operation: G1Concurrent done
Event: 19.195 Executing VM operation: G1Concurrent
Event: 19.195 Executing VM operation: G1Concurrent done
Event: 19.208 Executing VM operation: G1TryInitiateConcMark
Event: 19.217 Executing VM operation: G1TryInitiateConcMark done
Event: 19.252 Executing VM operation: G1Concurrent
Event: 19.261 Executing VM operation: G1Concurrent done
Event: 19.333 Executing VM operation: G1Concurrent
Event: 19.338 Executing VM operation: G1Concurrent done
Event: 19.366 Executing VM operation: G1TryInitiateConcMark
Event: 19.372 Executing VM operation: G1TryInitiateConcMark done
Event: 19.401 Executing VM operation: G1Concurrent
Event: 19.405 Executing VM operation: G1Concurrent done
Event: 19.417 Executing VM operation: G1Concurrent
Event: 19.417 Executing VM operation: G1Concurrent done
Event: 19.442 Executing VM operation: G1TryInitiateConcMark

Events (20 events):
Event: 15.858 loading class sun/util/locale/provider/TimeZoneNameUtility$TimeZoneNameGetter
Event: 15.859 loading class sun/util/locale/provider/TimeZoneNameUtility$TimeZoneNameGetter done
Event: 15.860 loading class sun/util/cldr/CLDRTimeZoneNameProviderImpl
Event: 15.868 loading class sun/util/locale/provider/TimeZoneNameProviderImpl
Event: 15.869 loading class sun/util/locale/provider/TimeZoneNameProviderImpl done
Event: 15.869 loading class sun/util/cldr/CLDRTimeZoneNameProviderImpl done
Event: 15.872 loading class sun/util/resources/cldr/TimeZoneNames
Event: 15.873 loading class sun/util/resources/TimeZoneNamesBundle
Event: 15.873 loading class sun/util/resources/OpenListResourceBundle
Event: 15.874 loading class sun/util/resources/OpenListResourceBundle done
Event: 15.874 loading class sun/util/resources/TimeZoneNamesBundle done
Event: 15.874 loading class sun/util/resources/cldr/TimeZoneNames done
Event: 15.874 loading class sun/util/resources/cldr/TimeZoneNames_en
Event: 15.875 loading class sun/util/resources/cldr/TimeZoneNames_en done
Event: 15.876 loading class sun/util/resources/cldr/TimeZoneNames_en_US
Event: 15.876 loading class sun/util/resources/cldr/TimeZoneNames_en_US done
Event: 15.877 loading class sun/util/resources/TimeZoneNames
Event: 15.879 loading class sun/util/resources/TimeZoneNames done
Event: 15.879 loading class sun/util/resources/TimeZoneNames_en
Event: 15.879 loading class sun/util/resources/TimeZoneNames_en done


Dynamic libraries:
0x00007ff75ce50000 - 0x00007ff75ce5e000 	C:\Program Files\Eclipse Adoptium\jdk-17.0.7.7-hotspot\bin\java.exe
0x00007ffb5a050000 - 0x00007ffb5a245000 	C:\Windows\SYSTEM32\ntdll.dll
0x00007ffb587b0000 - 0x00007ffb5886d000 	C:\Windows\System32\KERNEL32.DLL
0x00007ffb57b90000 - 0x00007ffb57e58000 	C:\Windows\System32\KERNELBASE.dll
0x00007ffb57e60000 - 0x00007ffb57f60000 	C:\Windows\System32\ucrtbase.dll
0x00007ffb508e0000 - 0x00007ffb508f9000 	C:\Program Files\Eclipse Adoptium\jdk-17.0.7.7-hotspot\bin\VCRUNTIME140.dll
0x00007ffb4d5c0000 - 0x00007ffb4d5d7000 	C:\Program Files\Eclipse Adoptium\jdk-17.0.7.7-hotspot\bin\jli.dll
0x00007ffb59c80000 - 0x00007ffb59e20000 	C:\Windows\System32\USER32.dll
0x00007ffb580c0000 - 0x00007ffb580e2000 	C:\Windows\System32\win32u.dll
0x00007ffb599f0000 - 0x00007ffb59a1a000 	C:\Windows\System32\GDI32.dll
0x00007ffb57a30000 - 0x00007ffb57b3b000 	C:\Windows\System32\gdi32full.dll
0x00007ffb419f0000 - 0x00007ffb41c8a000 	C:\Windows\WinSxS\amd64_microsoft.windows.common-controls_6595b64144ccf1df_6.0.19041.844_none_ca00b6081b84eb1d\COMCTL32.dll
0x00007ffb57930000 - 0x00007ffb579cd000 	C:\Windows\System32\msvcp_win.dll
0x00007ffb58f70000 - 0x00007ffb5900e000 	C:\Windows\System32\msvcrt.dll
0x00007ffb58e20000 - 0x00007ffb58e50000 	C:\Windows\System32\IMM32.DLL
0x0000000061240000 - 0x000000006124c000 	C:\Program Files (x86)\360\Total Security\safemon\SafeWrapper.dll
0x00007ffb59a20000 - 0x00007ffb59acc000 	C:\Windows\System32\ADVAPI32.dll
0x00007ffb58ed0000 - 0x00007ffb58f6b000 	C:\Windows\System32\sechost.dll
0x00007ffb580f0000 - 0x00007ffb5821b000 	C:\Windows\System32\RPCRT4.dll
0x00007ffb20780000 - 0x00007ffb20812000 	C:\Program Files (x86)\360\Total Security\safemon\libzdtp64.dll
0x00007ffb59070000 - 0x00007ffb597b2000 	C:\Windows\System32\SHELL32.dll
0x00007ffb588d0000 - 0x00007ffb58925000 	C:\Windows\System32\SHLWAPI.dll
0x00007ffb57290000 - 0x00007ffb5729a000 	C:\Windows\SYSTEM32\VERSION.dll
0x00007ffb3db80000 - 0x00007ffb3db8c000 	C:\Program Files\Eclipse Adoptium\jdk-17.0.7.7-hotspot\bin\vcruntime140_1.dll
0x00007ffb0e370000 - 0x00007ffb0e401000 	C:\Program Files\Eclipse Adoptium\jdk-17.0.7.7-hotspot\bin\msvcp140.dll
0x00007ffb08c40000 - 0x00007ffb09888000 	C:\Program Files\Eclipse Adoptium\jdk-17.0.7.7-hotspot\bin\server\jvm.dll
0x00007ffb3fb00000 - 0x00007ffb3fb09000 	C:\Windows\SYSTEM32\WSOCK32.dll
0x00007ffb38680000 - 0x00007ffb386a7000 	C:\Windows\SYSTEM32\WINMM.dll
0x00007ffb58e50000 - 0x00007ffb58ebb000 	C:\Windows\System32\WS2_32.dll
0x00007ffb56020000 - 0x00007ffb56032000 	C:\Windows\SYSTEM32\kernel.appcore.dll
0x00007ffb3db00000 - 0x00007ffb3db0a000 	C:\Program Files\Eclipse Adoptium\jdk-17.0.7.7-hotspot\bin\jimage.dll
0x00007ffb55430000 - 0x00007ffb55614000 	C:\Windows\SYSTEM32\DBGHELP.DLL
0x00007ffb3b0e0000 - 0x00007ffb3b10c000 	C:\Windows\SYSTEM32\dbgcore.DLL
0x00007ffb57f90000 - 0x00007ffb58010000 	C:\Windows\System32\bcryptPrimitives.dll
0x00007ffb3db10000 - 0x00007ffb3db35000 	C:\Program Files\Eclipse Adoptium\jdk-17.0.7.7-hotspot\bin\java.dll
0x00007ffb0e740000 - 0x00007ffb0e816000 	C:\Program Files\Eclipse Adoptium\jdk-17.0.7.7-hotspot\bin\jsvml.dll
0x00007ffb55880000 - 0x00007ffb56011000 	C:\Windows\SYSTEM32\windows.storage.dll
0x00007ffb58a60000 - 0x00007ffb58db5000 	C:\Windows\System32\combase.dll
0x00007ffb57100000 - 0x00007ffb5712c000 	C:\Windows\SYSTEM32\Wldp.dll
0x00007ffb589b0000 - 0x00007ffb58a5e000 	C:\Windows\System32\SHCORE.dll
0x00007ffb57710000 - 0x00007ffb5772f000 	C:\Windows\SYSTEM32\profapi.dll
0x00007ffb3dae0000 - 0x00007ffb3daf9000 	C:\Program Files\Eclipse Adoptium\jdk-17.0.7.7-hotspot\bin\net.dll
0x00007ffb4ea90000 - 0x00007ffb4eb9b000 	C:\Windows\SYSTEM32\WINHTTP.dll
0x00007ffb56e70000 - 0x00007ffb56eda000 	C:\Windows\system32\mswsock.dll
0x00007ffb3dac0000 - 0x00007ffb3dad5000 	C:\Program Files\Eclipse Adoptium\jdk-17.0.7.7-hotspot\bin\nio.dll
0x00007ffb3a3f0000 - 0x00007ffb3a408000 	C:\Program Files\Eclipse Adoptium\jdk-17.0.7.7-hotspot\bin\zip.dll
0x0000023505860000 - 0x0000023505863000 	C:\Users\USUARIO\.openjfx\cache\13\api-ms-win-core-console-l1-1-0.dll
0x0000023505870000 - 0x0000023505873000 	C:\Users\USUARIO\.openjfx\cache\13\api-ms-win-core-datetime-l1-1-0.dll
0x0000023505880000 - 0x0000023505883000 	C:\Users\USUARIO\.openjfx\cache\13\api-ms-win-core-debug-l1-1-0.dll
0x0000023505890000 - 0x0000023505893000 	C:\Users\USUARIO\.openjfx\cache\13\api-ms-win-core-errorhandling-l1-1-0.dll
0x00000235058a0000 - 0x00000235058a4000 	C:\Users\USUARIO\.openjfx\cache\13\api-ms-win-core-file-l1-1-0.dll
0x00000235058b0000 - 0x00000235058b3000 	C:\Users\USUARIO\.openjfx\cache\13\api-ms-win-core-file-l1-2-0.dll
0x00000235058c0000 - 0x00000235058c3000 	C:\Users\USUARIO\.openjfx\cache\13\api-ms-win-core-file-l2-1-0.dll
0x0000023520ed0000 - 0x0000023520ed3000 	C:\Users\USUARIO\.openjfx\cache\13\api-ms-win-core-handle-l1-1-0.dll
0x0000023520ee0000 - 0x0000023520ee3000 	C:\Users\USUARIO\.openjfx\cache\13\api-ms-win-core-heap-l1-1-0.dll
0x0000023520ef0000 - 0x0000023520ef3000 	C:\Users\USUARIO\.openjfx\cache\13\api-ms-win-core-interlocked-l1-1-0.dll
0x0000023520f00000 - 0x0000023520f03000 	C:\Users\USUARIO\.openjfx\cache\13\api-ms-win-core-libraryloader-l1-1-0.dll
0x0000023520f10000 - 0x0000023520f13000 	C:\Users\USUARIO\.openjfx\cache\13\api-ms-win-core-localization-l1-2-0.dll
0x0000023520f20000 - 0x0000023520f23000 	C:\Users\USUARIO\.openjfx\cache\13\api-ms-win-core-memory-l1-1-0.dll
0x0000023520f30000 - 0x0000023520f33000 	C:\Users\USUARIO\.openjfx\cache\13\api-ms-win-core-namedpipe-l1-1-0.dll
0x0000023520f40000 - 0x0000023520f43000 	C:\Users\USUARIO\.openjfx\cache\13\api-ms-win-core-processenvironment-l1-1-0.dll
0x0000023520f50000 - 0x0000023520f53000 	C:\Users\USUARIO\.openjfx\cache\13\api-ms-win-core-processthreads-l1-1-0.dll
0x0000023520f60000 - 0x0000023520f63000 	C:\Users\USUARIO\.openjfx\cache\13\api-ms-win-core-processthreads-l1-1-1.dll
0x0000023520f70000 - 0x0000023520f73000 	C:\Users\USUARIO\.openjfx\cache\13\api-ms-win-core-profile-l1-1-0.dll
0x0000023520f80000 - 0x0000023520f83000 	C:\Users\USUARIO\.openjfx\cache\13\api-ms-win-core-rtlsupport-l1-1-0.dll
0x0000023520f90000 - 0x0000023520f93000 	C:\Users\USUARIO\.openjfx\cache\13\api-ms-win-core-string-l1-1-0.dll
0x0000023520fa0000 - 0x0000023520fa3000 	C:\Users\USUARIO\.openjfx\cache\13\api-ms-win-core-synch-l1-1-0.dll
0x0000023520fb0000 - 0x0000023520fb3000 	C:\Users\USUARIO\.openjfx\cache\13\api-ms-win-core-synch-l1-2-0.dll
0x0000023520fc0000 - 0x0000023520fc3000 	C:\Users\USUARIO\.openjfx\cache\13\api-ms-win-core-sysinfo-l1-1-0.dll
0x0000023520fd0000 - 0x0000023520fd3000 	C:\Users\USUARIO\.openjfx\cache\13\api-ms-win-core-timezone-l1-1-0.dll
0x0000023520fe0000 - 0x0000023520fe3000 	C:\Users\USUARIO\.openjfx\cache\13\api-ms-win-core-util-l1-1-0.dll
0x0000023520ff0000 - 0x0000023520ff3000 	C:\Users\USUARIO\.openjfx\cache\13\api-ms-win-crt-conio-l1-1-0.dll
0x0000023525c00000 - 0x0000023525c04000 	C:\Users\USUARIO\.openjfx\cache\13\api-ms-win-crt-convert-l1-1-0.dll
0x0000023525c10000 - 0x0000023525c13000 	C:\Users\USUARIO\.openjfx\cache\13\api-ms-win-crt-environment-l1-1-0.dll
0x0000023525c20000 - 0x0000023525c23000 	C:\Users\USUARIO\.openjfx\cache\13\api-ms-win-crt-filesystem-l1-1-0.dll
0x0000023525c30000 - 0x0000023525c33000 	C:\Users\USUARIO\.openjfx\cache\13\api-ms-win-crt-heap-l1-1-0.dll
0x0000023525c40000 - 0x0000023525c43000 	C:\Users\USUARIO\.openjfx\cache\13\api-ms-win-crt-locale-l1-1-0.dll
0x0000023525c50000 - 0x0000023525c55000 	C:\Users\USUARIO\.openjfx\cache\13\api-ms-win-crt-math-l1-1-0.dll
0x0000023525c60000 - 0x0000023525c65000 	C:\Users\USUARIO\.openjfx\cache\13\api-ms-win-crt-multibyte-l1-1-0.dll
0x0000023525c70000 - 0x0000023525c80000 	C:\Users\USUARIO\.openjfx\cache\13\api-ms-win-crt-private-l1-1-0.dll
0x0000023525c80000 - 0x0000023525c83000 	C:\Users\USUARIO\.openjfx\cache\13\api-ms-win-crt-process-l1-1-0.dll
0x0000023525c90000 - 0x0000023525c94000 	C:\Users\USUARIO\.openjfx\cache\13\api-ms-win-crt-runtime-l1-1-0.dll
0x0000023525ca0000 - 0x0000023525ca4000 	C:\Users\USUARIO\.openjfx\cache\13\api-ms-win-crt-stdio-l1-1-0.dll
0x0000023525cb0000 - 0x0000023525cb4000 	C:\Users\USUARIO\.openjfx\cache\13\api-ms-win-crt-string-l1-1-0.dll
0x0000023525cc0000 - 0x0000023525cc3000 	C:\Users\USUARIO\.openjfx\cache\13\api-ms-win-crt-time-l1-1-0.dll
0x0000023525cd0000 - 0x0000023525cd3000 	C:\Users\USUARIO\.openjfx\cache\13\api-ms-win-crt-utility-l1-1-0.dll
0x00007ffb20160000 - 0x00007ffb2025c000 	C:\Users\USUARIO\.openjfx\cache\13\ucrtbase.dll
0x00007ffb49f10000 - 0x00007ffb49f25000 	C:\Users\USUARIO\.openjfx\cache\13\vcruntime140.dll
0x00007ffb3ce20000 - 0x00007ffb3cebb000 	C:\Users\USUARIO\.openjfx\cache\13\msvcp140.dll
0x00007ffb3df30000 - 0x00007ffb3df81000 	C:\Users\USUARIO\.openjfx\cache\13\concrt140.dll
0x00007ffb3fb20000 - 0x00007ffb3fb43000 	C:\Users\USUARIO\.openjfx\cache\13\prism_d3d.dll
0x00007ffb1fc20000 - 0x00007ffb1fdee000 	C:\Windows\system32\d3d9.dll
0x00007ffb551d0000 - 0x00007ffb551ff000 	C:\Windows\SYSTEM32\dwmapi.dll
0x00007ffb54e50000 - 0x00007ffb54eee000 	C:\Windows\system32\uxtheme.dll
0x00007ffb4a960000 - 0x00007ffb4b056000 	C:\Windows\SYSTEM32\d3d10warp.dll
0x00007ffb203a0000 - 0x00007ffb203e5000 	C:\Users\USUARIO\.openjfx\cache\13\glass.dll
0x00007ffb59e20000 - 0x00007ffb59efa000 	C:\Windows\System32\COMDLG32.dll
0x00007ffb59f00000 - 0x00007ffb5a02a000 	C:\Windows\System32\ole32.dll
0x00007ffb59880000 - 0x00007ffb5994d000 	C:\Windows\System32\OLEAUT32.dll
0x00007ffb58220000 - 0x00007ffb58335000 	C:\Windows\System32\MSCTF.dll
0x00007ffb4a380000 - 0x00007ffb4a3bb000 	C:\Windows\SYSTEM32\dxcore.dll
0x00007ffb57b40000 - 0x00007ffb57b8e000 	C:\Windows\System32\cfgmgr32.dll
0x00007ffb3daa0000 - 0x00007ffb3dab4000 	C:\Users\USUARIO\.openjfx\cache\13\javafx_font.dll
0x00007ffb48610000 - 0x00007ffb4888f000 	C:\Windows\SYSTEM32\dwrite.dll
0x00007ffb597d0000 - 0x00007ffb59879000 	C:\Windows\System32\clbcatq.dll
0x00007ffb54c70000 - 0x00007ffb54e24000 	C:\Windows\SYSTEM32\WindowsCodecs.dll
0x00007ffb57f60000 - 0x00007ffb57f87000 	C:\Windows\System32\bcrypt.dll
0x00007ffb37a10000 - 0x00007ffb37a4e000 	C:\Windows\system32\dataexchange.dll
0x00007ffb51d20000 - 0x00007ffb51f84000 	C:\Windows\system32\d3d11.dll
0x00007ffb51fb0000 - 0x00007ffb52195000 	C:\Windows\system32\dcomp.dll
0x00007ffb561c0000 - 0x00007ffb562b3000 	C:\Windows\system32\dxgi.dll
0x00007ffb4ef50000 - 0x00007ffb4f151000 	C:\Windows\system32\twinapi.appcore.dll
0x00007ffb35d30000 - 0x00007ffb35d64000 	C:\Program Files\Common Files\Microsoft Shared\Ink\rtscom.dll
0x00007ffb4d740000 - 0x00007ffb4d839000 	C:\Windows\SYSTEM32\textinputframework.dll
0x00007ffb53a00000 - 0x00007ffb53d5e000 	C:\Windows\System32\CoreUIComponents.dll
0x00007ffb53900000 - 0x00007ffb539f2000 	C:\Windows\System32\CoreMessaging.dll
0x00007ffb56530000 - 0x00007ffb56563000 	C:\Windows\SYSTEM32\ntmarta.dll
0x00007ffb530e0000 - 0x00007ffb53234000 	C:\Windows\SYSTEM32\wintypes.dll
0x00007ffb3de70000 - 0x00007ffb3ded6000 	C:\Windows\system32\Oleacc.dll
0x00007ffb521a0000 - 0x00007ffb52760000 	C:\Windows\SYSTEM32\d2d1.dll
0x00007ffb30b40000 - 0x00007ffb30b6c000 	C:\Users\USUARIO\.openjfx\cache\13\javafx_iio.dll

dbghelp: loaded successfully - version: 4.0.5 - missing functions: none
symbol engine: initialized successfully - sym options: 0x614 - pdb path: .;C:\Program Files\Eclipse Adoptium\jdk-17.0.7.7-hotspot\bin;C:\Windows\SYSTEM32;C:\Windows\WinSxS\amd64_microsoft.windows.common-controls_6595b64144ccf1df_6.0.19041.844_none_ca00b6081b84eb1d;C:\Program Files (x86)\360\Total Security\safemon;C:\Program Files\Eclipse Adoptium\jdk-17.0.7.7-hotspot\bin\server;C:\Users\USUARIO\.openjfx\cache\13;C:\Program Files\Common Files\Microsoft Shared\Ink

VM Arguments:
jvm_args: --module-path=C:\Users\USUARIO\Desktop\ESPOL\3 Semestre\Estructuras de Datos\Proyecto\Proyecto_ED\Gestion_Contacto\target\classes;C:\Users\USUARIO\.m2\repository\org\openjfx\javafx-base\13\javafx-base-13-win.jar;C:\Users\USUARIO\.m2\repository\org\openjfx\javafx-controls\13\javafx-controls-13-win.jar;C:\Users\USUARIO\.m2\repository\org\openjfx\javafx-fxml\22-ea+16\javafx-fxml-22-ea+16-win.jar;C:\Users\USUARIO\.m2\repository\org\openjfx\javafx-fxml\22-ea+16\javafx-fxml-22-ea+16.jar;C:\Users\USUARIO\.m2\repository\org\openjfx\javafx-graphics\13\javafx-graphics-13-win.jar --add-modules=com.mycompany.gestion_contacto -Djdk.module.main=com.mycompany.gestion_contacto 
java_command: com.mycompany.gestion_contacto/com.mycompany.gestion_contacto.App
java_class_path (initial): C:\Users\USUARIO\Desktop\ESPOL\3 Semestre\Estructuras de Datos\Proyecto\Proyecto_ED\Gestion_Contacto\target\classes;C:\Users\USUARIO\.m2\repository\org\openjfx\javafx-base\13\javafx-base-13.jar;C:\Users\USUARIO\.m2\repository\org\openjfx\javafx-controls\13\javafx-controls-13.jar;C:\Users\USUARIO\.m2\repository\org\openjfx\javafx-graphics\13\javafx-graphics-13.jar
Launcher Type: SUN_STANDARD

[Global flags]
     intx CICompilerCount                          = 3                                         {product} {ergonomic}
     uint ConcGCThreads                            = 1                                         {product} {ergonomic}
     uint G1ConcRefinementThreads                  = 4                                         {product} {ergonomic}
   size_t G1HeapRegionSize                         = 1048576                                   {product} {ergonomic}
    uintx GCDrainStackTargetSize                   = 64                                        {product} {ergonomic}
   size_t InitialHeapSize                          = 65011712                                  {product} {ergonomic}
   size_t MarkStackSize                            = 4194304                                   {product} {ergonomic}
   size_t MaxHeapSize                              = 1029701632                                {product} {ergonomic}
   size_t MaxNewSize                               = 617611264                                 {product} {ergonomic}
   size_t MinHeapDeltaBytes                        = 1048576                                   {product} {ergonomic}
   size_t MinHeapSize                              = 8388608                                   {product} {ergonomic}
    uintx NonNMethodCodeHeapSize                   = 5832780                                {pd product} {ergonomic}
    uintx NonProfiledCodeHeapSize                  = 122912730                              {pd product} {ergonomic}
    uintx ProfiledCodeHeapSize                     = 122912730                              {pd product} {ergonomic}
    uintx ReservedCodeCacheSize                    = 251658240                              {pd product} {ergonomic}
     bool SegmentedCodeCache                       = true                                      {product} {ergonomic}
   size_t SoftMaxHeapSize                          = 1029701632                             {manageable} {ergonomic}
     bool UseCompressedClassPointers               = true                           {product lp64_product} {ergonomic}
     bool UseCompressedOops                        = true                           {product lp64_product} {ergonomic}
     bool UseG1GC                                  = true                                      {product} {ergonomic}
     bool UseLargePagesIndividualAllocation        = false                                  {pd product} {ergonomic}

Logging:
Log output configuration:
 #0: stdout all=warning uptime,level,tags
 #1: stderr all=off uptime,level,tags

Environment Variables:
JAVA_HOME=C:\Program Files\Eclipse Adoptium\jdk-17.0.7.7-hotspot
PATH=C:\Program Files (x86)\Common Files\Oracle\Java\javapath;C:\Program Files\Eclipse Adoptium\jdk-17.0.7.7-hotspot\bin;C:\Windows\system32;C:\Windows;C:\Windows\System32\Wbem;C:\Windows\System32\WindowsPowerShell\v1.0\;C:\Windows\System32\OpenSSH\;C:\Program Files\Git\cmd;C:\Users\USUARIO\AppData\Local\Microsoft\WindowsApps;
USERNAME=USUARIO
OS=Windows_NT
PROCESSOR_IDENTIFIER=Intel64 Family 6 Model 122 Stepping 1, GenuineIntel
TMP=C:\Users\USUARIO\AppData\Local\Temp
TEMP=C:\Users\USUARIO\AppData\Local\Temp



---------------  S Y S T E M  ---------------

OS:
 Windows 10 , 64 bit Build 19041 (10.0.19041.928)
OS uptime: 0 days 0:35 hours

CPU: total 4 (initial active 4) (4 cores per cpu, 1 threads per core) family 6 model 122 stepping 1 microcode 0x2e, cx8, cmov, fxsr, mmx, 3dnowpref, sse, sse2, sse3, ssse3, sse4.1, sse4.2, popcnt, tsc, tscinvbit, aes, erms, clmul, sha, clflush, clflushopt

Memory: 4k page, system-wide physical 3927M (95M free)
TotalPageFile size 3927M (AvailPageFile size 55M)
current process WorkingSet (physical memory assigned to process): 195M, peak: 221M
current process commit charge ("private bytes"): 334M, peak: 356M

vm_info: OpenJDK 64-Bit Server VM (17.0.7+7) for windows-amd64 JRE (17.0.7+7), built on Apr 18 2023 22:10:42 by "temurin" with MS VC++ 16.7 (VS2019)

END.
