#
# There is insufficient memory for the Java Runtime Environment to continue.
# Native memory allocation (malloc) failed to allocate 757520 bytes for Chunk::new
# Possible reasons:
#   The system is out of physical RAM or swap space
#   The process is running with CompressedOops enabled, and the Java Heap may be blocking the growth of the native heap
# Possible solutions:
#   Reduce memory load on the system
#   Increase physical memory or swap space
#   Check if swap backing store is full
#   Decrease Java heap size (-Xmx/-Xms)
#   Decrease number of Java threads
#   Decrease Java thread stack sizes (-Xss)
#   Set larger code cache with -XX:ReservedCodeCacheSize=
#   JVM is running with Unscaled Compressed Oops mode in which the Java heap is
#     placed in the first 4GB address space. The Java Heap base address is the
#     maximum limit for the native heap growth. Please use -XX:HeapBaseMinAddress
#     to set the Java Heap base and to place the Java Heap above 4GB virtual address.
# This output file may be truncated or incomplete.
#
#  Out of Memory Error (arena.cpp:189), pid=5288, tid=7040
#
# JRE version: OpenJDK Runtime Environment Temurin-17.0.7+7 (17.0.7+7) (build 17.0.7+7)
# Java VM: OpenJDK 64-Bit Server VM Temurin-17.0.7+7 (17.0.7+7, mixed mode, sharing, tiered, compressed oops, compressed class ptrs, g1 gc, windows-amd64)
# No core dump will be written. Minidumps are not enabled by default on client versions of Windows
#

---------------  S U M M A R Y ------------

Command Line: --module-path=C:\Users\USUARIO\Desktop\ESPOL\3 Semestre\ED\Proyecto\Proyecto_ED\Gestion_Contacto\target\classes;C:\Users\USUARIO\.m2\repository\org\openjfx\javafx-base\13\javafx-base-13-win.jar;C:\Users\USUARIO\.m2\repository\org\openjfx\javafx-controls\13\javafx-controls-13-win.jar;C:\Users\USUARIO\.m2\repository\org\openjfx\javafx-fxml\22-ea+11\javafx-fxml-22-ea+11-win.jar;C:\Users\USUARIO\.m2\repository\org\openjfx\javafx-graphics\13\javafx-graphics-13-win.jar --add-modules=com.mycompany.gestion_contacto -Djdk.module.main=com.mycompany.gestion_contacto com.mycompany.gestion_contacto/com.mycompany.gestion_contacto.App

Host: Intel(R) Pentium(R) Silver N5000 CPU @ 1.10GHz, 4 cores, 3G,  Windows 10 , 64 bit Build 19041 (10.0.19041.928)
Time: Tue Nov  7 21:04:06 2023 Hora est. Pacífico, Sudamérica elapsed time: 6.473474 seconds (0d 0h 0m 6s)

---------------  T H R E A D  ---------------

Current thread (0x00000270de5f5ff0):  JavaThread "C2 CompilerThread0" daemon [_thread_in_native, id=7040, stack(0x000000bd8ce00000,0x000000bd8cf00000)]


Current CompileTask:
C2:   6473 2049   !   4       java.util.concurrent.LinkedBlockingDeque::takeFirst (47 bytes)

Stack: [0x000000bd8ce00000,0x000000bd8cf00000]
Native frames: (J=compiled Java code, j=interpreted, Vv=VM code, C=native code)
V  [jvm.dll+0x67754a]
V  [jvm.dll+0x834304]
V  [jvm.dll+0x835aae]
V  [jvm.dll+0x836113]
V  [jvm.dll+0x24696f]
V  [jvm.dll+0xac0ac]
V  [jvm.dll+0xac67c]
V  [jvm.dll+0x364e37]
V  [jvm.dll+0x32f6b1]
V  [jvm.dll+0x32eb5a]
V  [jvm.dll+0x219641]
V  [jvm.dll+0x218a61]
V  [jvm.dll+0x1a4d8d]
V  [jvm.dll+0x2284da]
V  [jvm.dll+0x226615]
V  [jvm.dll+0x7ea90b]
V  [jvm.dll+0x7e4e7a]
V  [jvm.dll+0x676395]
C  [ucrtbase.dll+0x21bb2]
C  [KERNEL32.DLL+0x17034]
C  [ntdll.dll+0x52651]


---------------  P R O C E S S  ---------------

Threads class SMR info:
_java_thread_list=0x00000270e3520b50, length=19, elements={
0x00000270c321cf40, 0x00000270de5dc940, 0x00000270de5dd6c0, 0x00000270de5f09a0,
0x00000270de5f3270, 0x00000270de5f3b30, 0x00000270de5f5400, 0x00000270de5f5ff0,
0x00000270de5f7630, 0x00000270de622cf0, 0x00000270de6ae7d0, 0x00000270de93c9e0,
0x00000270e32b0460, 0x00000270e3302a60, 0x00000270e3303340, 0x00000270e3439030,
0x00000270e335b500, 0x00000270e36e9020, 0x00000270e826fdf0
}

Java Threads: ( => current thread )
  0x00000270c321cf40 JavaThread "main" [_thread_blocked, id=5572, stack(0x000000bd8c100000,0x000000bd8c200000)]
  0x00000270de5dc940 JavaThread "Reference Handler" daemon [_thread_blocked, id=4244, stack(0x000000bd8c800000,0x000000bd8c900000)]
  0x00000270de5dd6c0 JavaThread "Finalizer" daemon [_thread_blocked, id=128, stack(0x000000bd8c900000,0x000000bd8ca00000)]
  0x00000270de5f09a0 JavaThread "Signal Dispatcher" daemon [_thread_blocked, id=3636, stack(0x000000bd8ca00000,0x000000bd8cb00000)]
  0x00000270de5f3270 JavaThread "Attach Listener" daemon [_thread_blocked, id=7348, stack(0x000000bd8cb00000,0x000000bd8cc00000)]
  0x00000270de5f3b30 JavaThread "Service Thread" daemon [_thread_blocked, id=4760, stack(0x000000bd8cc00000,0x000000bd8cd00000)]
  0x00000270de5f5400 JavaThread "Monitor Deflation Thread" daemon [_thread_blocked, id=7300, stack(0x000000bd8cd00000,0x000000bd8ce00000)]
=>0x00000270de5f5ff0 JavaThread "C2 CompilerThread0" daemon [_thread_in_native, id=7040, stack(0x000000bd8ce00000,0x000000bd8cf00000)]
  0x00000270de5f7630 JavaThread "C1 CompilerThread0" daemon [_thread_blocked, id=3136, stack(0x000000bd8cf00000,0x000000bd8d000000)]
  0x00000270de622cf0 JavaThread "Sweeper thread" daemon [_thread_blocked, id=7848, stack(0x000000bd8d000000,0x000000bd8d100000)]
  0x00000270de6ae7d0 JavaThread "Common-Cleaner" daemon [_thread_blocked, id=1712, stack(0x000000bd8d100000,0x000000bd8d200000)]
  0x00000270de93c9e0 JavaThread "Notification Thread" daemon [_thread_blocked, id=4584, stack(0x000000bd8d200000,0x000000bd8d300000)]
  0x00000270e32b0460 JavaThread "QuantumRenderer-0" daemon [_thread_blocked, id=2620, stack(0x000000bd8d400000,0x000000bd8d500000)]
  0x00000270e3302a60 JavaThread "InvokeLaterDispatcher" daemon [_thread_in_native, id=7584, stack(0x000000bd8d800000,0x000000bd8d900000)]
  0x00000270e3303340 JavaThread "JavaFX Application Thread" [_thread_in_native, id=7824, stack(0x000000bd8d900000,0x000000bd8da00000)]
  0x00000270e3439030 JavaThread "Thread-1" daemon [_thread_in_native, id=2240, stack(0x000000bd8da00000,0x000000bd8db00000)]
  0x00000270e335b500 JavaThread "JavaFX-Launcher" [_thread_blocked, id=6208, stack(0x000000bd8db00000,0x000000bd8dc00000)]
  0x00000270e36e9020 JavaThread "Prism Font Disposer" daemon [_thread_blocked, id=1800, stack(0x000000bd8dc00000,0x000000bd8dd00000)]
  0x00000270e826fdf0 JavaThread "Cleaner-0" daemon [_thread_blocked, id=2808, stack(0x000000bd8e300000,0x000000bd8e400000)]

Other Threads:
  0x00000270de5d4160 VMThread "VM Thread" [stack: 0x000000bd8c700000,0x000000bd8c800000] [id=3320]
  0x00000270c3268340 WatcherThread [stack: 0x000000bd8d300000,0x000000bd8d400000] [id=6472]
  0x00000270c32583a0 GCTaskThread "GC Thread#0" [stack: 0x000000bd8c200000,0x000000bd8c300000] [id=2520]
  0x00000270e330bc60 GCTaskThread "GC Thread#1" [stack: 0x000000bd8d500000,0x000000bd8d600000] [id=2784]
  0x00000270e331d460 GCTaskThread "GC Thread#2" [stack: 0x000000bd8d600000,0x000000bd8d700000] [id=2936]
  0x00000270e3325730 GCTaskThread "GC Thread#3" [stack: 0x000000bd8d700000,0x000000bd8d800000] [id=6484]
  0x00000270c3260cb0 ConcurrentGCThread "G1 Main Marker" [stack: 0x000000bd8c300000,0x000000bd8c400000] [id=5628]
  0x00000270c32615d0 ConcurrentGCThread "G1 Conc#0" [stack: 0x000000bd8c400000,0x000000bd8c500000] [id=7232]
  0x00000270c32a2960 ConcurrentGCThread "G1 Refine#0" [stack: 0x000000bd8c500000,0x000000bd8c600000] [id=4708]
  0x00000270c32a3290 ConcurrentGCThread "G1 Service" [stack: 0x000000bd8c600000,0x000000bd8c700000] [id=6336]

Threads with active compile tasks:
C2 CompilerThread0     6695 2049   !   4       java.util.concurrent.LinkedBlockingDeque::takeFirst (47 bytes)

VM state: not at safepoint (normal execution)

VM Mutex/Monitor currently owned by a thread: None

Heap address: 0x00000000c2a00000, size: 982 MB, Compressed Oops mode: 32-bit

CDS archive(s) mapped at: [0x0000000800000000-0x0000000800bc0000-0x0000000800bc0000), size 12320768, SharedBaseAddress: 0x0000000800000000, ArchiveRelocationMode: 0.
Compressed class space mapped at: 0x0000000801000000-0x0000000841000000, reserved size: 1073741824
Narrow klass base: 0x0000000800000000, Narrow klass shift: 0, Narrow klass range: 0x100000000

GC Precious Log:
 CPUs: 4 total, 4 available
 Memory: 3927M
 Large Page Support: Disabled
 NUMA Support: Disabled
 Compressed Oops: Enabled (32-bit)
 Heap Region Size: 1M
 Heap Min Capacity: 8M
 Heap Initial Capacity: 62M
 Heap Max Capacity: 982M
 Pre-touch: Disabled
 Parallel Workers: 4
 Concurrent Workers: 1
 Concurrent Refinement Workers: 4
 Periodic GC: Disabled

Heap:
 garbage-first heap   total 63488K, used 38041K [0x00000000c2a00000, 0x0000000100000000)
  region size 1024K, 35 young (35840K), 3 survivors (3072K)
 Metaspace       used 14580K, committed 14848K, reserved 1114112K
  class space    used 2114K, committed 2240K, reserved 1048576K

Heap Regions: E=young(eden), S=young(survivor), O=old, HS=humongous(starts), HC=humongous(continues), CS=collection set, F=free, OA=open archive, CA=closed archive, TAMS=top-at-mark-start (previous, next)
|   0|0x00000000c2a00000, 0x00000000c2b00000, 0x00000000c2b00000|100%| O|  |TAMS 0x00000000c2a00000, 0x00000000c2a00000| Untracked 
|   1|0x00000000c2b00000, 0x00000000c2ba8c00, 0x00000000c2c00000| 65%| O|  |TAMS 0x00000000c2b00000, 0x00000000c2b00000| Untracked 
|   2|0x00000000c2c00000, 0x00000000c2d00000, 0x00000000c2d00000|100%|HS|  |TAMS 0x00000000c2c00000, 0x00000000c2c00000| Complete 
|   3|0x00000000c2d00000, 0x00000000c2e00000, 0x00000000c2e00000|100%|HC|  |TAMS 0x00000000c2d00000, 0x00000000c2d00000| Complete 
|   4|0x00000000c2e00000, 0x00000000c2e00000, 0x00000000c2f00000|  0%| F|  |TAMS 0x00000000c2e00000, 0x00000000c2e00000| Untracked 
|   5|0x00000000c2f00000, 0x00000000c2f00000, 0x00000000c3000000|  0%| F|  |TAMS 0x00000000c2f00000, 0x00000000c2f00000| Untracked 
|   6|0x00000000c3000000, 0x00000000c3000000, 0x00000000c3100000|  0%| F|  |TAMS 0x00000000c3000000, 0x00000000c3000000| Untracked 
|   7|0x00000000c3100000, 0x00000000c3100000, 0x00000000c3200000|  0%| F|  |TAMS 0x00000000c3100000, 0x00000000c3100000| Untracked 
|   8|0x00000000c3200000, 0x00000000c3200000, 0x00000000c3300000|  0%| F|  |TAMS 0x00000000c3200000, 0x00000000c3200000| Untracked 
|   9|0x00000000c3300000, 0x00000000c3300000, 0x00000000c3400000|  0%| F|  |TAMS 0x00000000c3300000, 0x00000000c3300000| Untracked 
|  10|0x00000000c3400000, 0x00000000c3400000, 0x00000000c3500000|  0%| F|  |TAMS 0x00000000c3400000, 0x00000000c3400000| Untracked 
|  11|0x00000000c3500000, 0x00000000c3500000, 0x00000000c3600000|  0%| F|  |TAMS 0x00000000c3500000, 0x00000000c3500000| Untracked 
|  12|0x00000000c3600000, 0x00000000c3600000, 0x00000000c3700000|  0%| F|  |TAMS 0x00000000c3600000, 0x00000000c3600000| Untracked 
|  13|0x00000000c3700000, 0x00000000c3700000, 0x00000000c3800000|  0%| F|  |TAMS 0x00000000c3700000, 0x00000000c3700000| Untracked 
|  14|0x00000000c3800000, 0x00000000c3800000, 0x00000000c3900000|  0%| F|  |TAMS 0x00000000c3800000, 0x00000000c3800000| Untracked 
|  15|0x00000000c3900000, 0x00000000c3900000, 0x00000000c3a00000|  0%| F|  |TAMS 0x00000000c3900000, 0x00000000c3900000| Untracked 
|  16|0x00000000c3a00000, 0x00000000c3a00000, 0x00000000c3b00000|  0%| F|  |TAMS 0x00000000c3a00000, 0x00000000c3a00000| Untracked 
|  17|0x00000000c3b00000, 0x00000000c3b00000, 0x00000000c3c00000|  0%| F|  |TAMS 0x00000000c3b00000, 0x00000000c3b00000| Untracked 
|  18|0x00000000c3c00000, 0x00000000c3c00000, 0x00000000c3d00000|  0%| F|  |TAMS 0x00000000c3c00000, 0x00000000c3c00000| Untracked 
|  19|0x00000000c3d00000, 0x00000000c3d00000, 0x00000000c3e00000|  0%| F|  |TAMS 0x00000000c3d00000, 0x00000000c3d00000| Untracked 
|  20|0x00000000c3e00000, 0x00000000c3e00000, 0x00000000c3f00000|  0%| F|  |TAMS 0x00000000c3e00000, 0x00000000c3e00000| Untracked 
|  21|0x00000000c3f00000, 0x00000000c3f00000, 0x00000000c4000000|  0%| F|  |TAMS 0x00000000c3f00000, 0x00000000c3f00000| Untracked 
|  22|0x00000000c4000000, 0x00000000c4000000, 0x00000000c4100000|  0%| F|  |TAMS 0x00000000c4000000, 0x00000000c4000000| Untracked 
|  23|0x00000000c4100000, 0x00000000c4100000, 0x00000000c4200000|  0%| F|  |TAMS 0x00000000c4100000, 0x00000000c4100000| Untracked 
|  24|0x00000000c4200000, 0x00000000c4200000, 0x00000000c4300000|  0%| F|  |TAMS 0x00000000c4200000, 0x00000000c4200000| Untracked 
|  25|0x00000000c4300000, 0x00000000c4300000, 0x00000000c4400000|  0%| F|  |TAMS 0x00000000c4300000, 0x00000000c4300000| Untracked 
|  26|0x00000000c4400000, 0x00000000c4400000, 0x00000000c4500000|  0%| F|  |TAMS 0x00000000c4400000, 0x00000000c4400000| Untracked 
|  27|0x00000000c4500000, 0x00000000c45debd8, 0x00000000c4600000| 87%| E|  |TAMS 0x00000000c4500000, 0x00000000c4500000| Complete 
|  28|0x00000000c4600000, 0x00000000c4700000, 0x00000000c4700000|100%| E|CS|TAMS 0x00000000c4600000, 0x00000000c4600000| Complete 
|  29|0x00000000c4700000, 0x00000000c4800000, 0x00000000c4800000|100%| E|CS|TAMS 0x00000000c4700000, 0x00000000c4700000| Complete 
|  30|0x00000000c4800000, 0x00000000c4900000, 0x00000000c4900000|100%| E|CS|TAMS 0x00000000c4800000, 0x00000000c4800000| Complete 
|  31|0x00000000c4900000, 0x00000000c4a00000, 0x00000000c4a00000|100%| E|CS|TAMS 0x00000000c4900000, 0x00000000c4900000| Complete 
|  32|0x00000000c4a00000, 0x00000000c4b00000, 0x00000000c4b00000|100%| E|CS|TAMS 0x00000000c4a00000, 0x00000000c4a00000| Complete 
|  33|0x00000000c4b00000, 0x00000000c4c00000, 0x00000000c4c00000|100%| E|CS|TAMS 0x00000000c4b00000, 0x00000000c4b00000| Complete 
|  34|0x00000000c4c00000, 0x00000000c4d00000, 0x00000000c4d00000|100%| E|CS|TAMS 0x00000000c4c00000, 0x00000000c4c00000| Complete 
|  35|0x00000000c4d00000, 0x00000000c4e00000, 0x00000000c4e00000|100%| E|CS|TAMS 0x00000000c4d00000, 0x00000000c4d00000| Complete 
|  36|0x00000000c4e00000, 0x00000000c4f00000, 0x00000000c4f00000|100%| E|CS|TAMS 0x00000000c4e00000, 0x00000000c4e00000| Complete 
|  37|0x00000000c4f00000, 0x00000000c5000000, 0x00000000c5000000|100%| E|CS|TAMS 0x00000000c4f00000, 0x00000000c4f00000| Complete 
|  38|0x00000000c5000000, 0x00000000c5100000, 0x00000000c5100000|100%| E|CS|TAMS 0x00000000c5000000, 0x00000000c5000000| Complete 
|  39|0x00000000c5100000, 0x00000000c5200000, 0x00000000c5200000|100%| E|CS|TAMS 0x00000000c5100000, 0x00000000c5100000| Complete 
|  40|0x00000000c5200000, 0x00000000c527da80, 0x00000000c5300000| 49%| S|CS|TAMS 0x00000000c5200000, 0x00000000c5200000| Complete 
|  41|0x00000000c5300000, 0x00000000c5400000, 0x00000000c5400000|100%| S|CS|TAMS 0x00000000c5300000, 0x00000000c5300000| Complete 
|  42|0x00000000c5400000, 0x00000000c5500000, 0x00000000c5500000|100%| S|CS|TAMS 0x00000000c5400000, 0x00000000c5400000| Complete 
|  43|0x00000000c5500000, 0x00000000c5600000, 0x00000000c5600000|100%| E|CS|TAMS 0x00000000c5500000, 0x00000000c5500000| Complete 
|  44|0x00000000c5600000, 0x00000000c5700000, 0x00000000c5700000|100%| E|CS|TAMS 0x00000000c5600000, 0x00000000c5600000| Complete 
|  45|0x00000000c5700000, 0x00000000c5800000, 0x00000000c5800000|100%| E|CS|TAMS 0x00000000c5700000, 0x00000000c5700000| Complete 
|  46|0x00000000c5800000, 0x00000000c5900000, 0x00000000c5900000|100%| E|CS|TAMS 0x00000000c5800000, 0x00000000c5800000| Complete 
|  47|0x00000000c5900000, 0x00000000c5a00000, 0x00000000c5a00000|100%| E|CS|TAMS 0x00000000c5900000, 0x00000000c5900000| Complete 
|  48|0x00000000c5a00000, 0x00000000c5b00000, 0x00000000c5b00000|100%| E|CS|TAMS 0x00000000c5a00000, 0x00000000c5a00000| Complete 
|  49|0x00000000c5b00000, 0x00000000c5c00000, 0x00000000c5c00000|100%| E|CS|TAMS 0x00000000c5b00000, 0x00000000c5b00000| Complete 
|  50|0x00000000c5c00000, 0x00000000c5d00000, 0x00000000c5d00000|100%| E|CS|TAMS 0x00000000c5c00000, 0x00000000c5c00000| Complete 
|  51|0x00000000c5d00000, 0x00000000c5e00000, 0x00000000c5e00000|100%| E|CS|TAMS 0x00000000c5d00000, 0x00000000c5d00000| Complete 
|  52|0x00000000c5e00000, 0x00000000c5f00000, 0x00000000c5f00000|100%| E|CS|TAMS 0x00000000c5e00000, 0x00000000c5e00000| Complete 
|  53|0x00000000c5f00000, 0x00000000c6000000, 0x00000000c6000000|100%| E|CS|TAMS 0x00000000c5f00000, 0x00000000c5f00000| Complete 
|  54|0x00000000c6000000, 0x00000000c6100000, 0x00000000c6100000|100%| E|CS|TAMS 0x00000000c6000000, 0x00000000c6000000| Complete 
|  55|0x00000000c6100000, 0x00000000c6200000, 0x00000000c6200000|100%| E|CS|TAMS 0x00000000c6100000, 0x00000000c6100000| Complete 
|  56|0x00000000c6200000, 0x00000000c6300000, 0x00000000c6300000|100%| E|CS|TAMS 0x00000000c6200000, 0x00000000c6200000| Complete 
|  57|0x00000000c6300000, 0x00000000c6400000, 0x00000000c6400000|100%| E|CS|TAMS 0x00000000c6300000, 0x00000000c6300000| Complete 
|  58|0x00000000c6400000, 0x00000000c6500000, 0x00000000c6500000|100%| E|CS|TAMS 0x00000000c6400000, 0x00000000c6400000| Complete 
|  59|0x00000000c6500000, 0x00000000c6600000, 0x00000000c6600000|100%| E|CS|TAMS 0x00000000c6500000, 0x00000000c6500000| Complete 
|  60|0x00000000c6600000, 0x00000000c6700000, 0x00000000c6700000|100%| E|CS|TAMS 0x00000000c6600000, 0x00000000c6600000| Complete 
|  61|0x00000000c6700000, 0x00000000c6800000, 0x00000000c6800000|100%| E|CS|TAMS 0x00000000c6700000, 0x00000000c6700000| Complete 

Card table byte_map: [0x00000270d9ee0000,0x00000270da0d0000] _byte_map_base: 0x00000270d98cb000

Marking Bits (Prev, Next): (CMBitMap*) 0x00000270c32588c0, (CMBitMap*) 0x00000270c3258900
 Prev Bits: [0x00000270da2c0000, 0x00000270db218000)
 Next Bits: [0x00000270db220000, 0x00000270dc178000)

Polling page: 0x00000270c29a0000

Metaspace:

Usage:
  Non-class:     12.17 MB used.
      Class:      2.06 MB used.
       Both:     14.24 MB used.

Virtual space:
  Non-class space:       64.00 MB reserved,      12.31 MB ( 19%) committed,  1 nodes.
      Class space:        1.00 GB reserved,       2.19 MB ( <1%) committed,  1 nodes.
             Both:        1.06 GB reserved,      14.50 MB (  1%) committed. 

Chunk freelists:
   Non-Class:  3.47 MB
       Class:  13.81 MB
        Both:  17.28 MB

MaxMetaspaceSize: unlimited
CompressedClassSpaceSize: 1.00 GB
Initial GC threshold: 21.00 MB
Current GC threshold: 21.00 MB
CDS: on
MetaspaceReclaimPolicy: balanced
 - commit_granule_bytes: 65536.
 - commit_granule_words: 8192.
 - virtual_space_node_default_size: 8388608.
 - enlarge_chunks_in_place: 1.
 - new_chunks_are_fully_committed: 0.
 - uncommit_free_chunks: 1.
 - use_allocation_guard: 0.
 - handle_deallocations: 1.


Internal statistics:

num_allocs_failed_limit: 0.
num_arena_births: 216.
num_arena_deaths: 0.
num_vsnodes_births: 2.
num_vsnodes_deaths: 0.
num_space_committed: 232.
num_space_uncommitted: 0.
num_chunks_returned_to_freelist: 0.
num_chunks_taken_from_freelist: 667.
num_chunk_merges: 0.
num_chunk_splits: 459.
num_chunks_enlarged: 353.
num_inconsistent_stats: 0.

CodeHeap 'non-profiled nmethods': size=120000Kb used=749Kb max_used=749Kb free=119250Kb
 bounds [0x00000270d27c0000, 0x00000270d2a30000, 0x00000270d9cf0000]
CodeHeap 'profiled nmethods': size=120000Kb used=3757Kb max_used=3757Kb free=116243Kb
 bounds [0x00000270cacf0000, 0x00000270cb0a0000, 0x00000270d2220000]
CodeHeap 'non-nmethods': size=5760Kb used=1406Kb max_used=1429Kb free=4353Kb
 bounds [0x00000270d2220000, 0x00000270d2490000, 0x00000270d27c0000]
 total_blobs=2824 nmethods=2051 adapters=686
 compilation: enabled
              stopped_count=0, restarted_count=0
 full_count=0

Compilation events (20 events):
Event: 6.324 Thread 0x00000270de5f7630 2042       1       javafx.scene.input.MouseEvent::isSecondaryButtonDown (5 bytes)
Event: 6.324 Thread 0x00000270de5f7630 nmethod 2042 0x00000270d2879b10 code [0x00000270d2879ca0, 0x00000270d2879d78]
Event: 6.324 Thread 0x00000270de5f7630 2043       1       javafx.scene.input.MouseEvent::isBackButtonDown (5 bytes)
Event: 6.324 Thread 0x00000270de5f7630 nmethod 2043 0x00000270d2879e10 code [0x00000270d2879fa0, 0x00000270d287a078]
Event: 6.324 Thread 0x00000270de5f7630 2044       1       javafx.scene.input.MouseEvent::isForwardButtonDown (5 bytes)
Event: 6.324 Thread 0x00000270de5f7630 nmethod 2044 0x00000270d287a110 code [0x00000270d287a2a0, 0x00000270d287a378]
Event: 6.330 Thread 0x00000270de5f5ff0 nmethod 2034 0x00000270d287a410 code [0x00000270d287a5a0, 0x00000270d287afb8]
Event: 6.348 Thread 0x00000270de5f7630 2045   !   3       javafx.scene.Node::pickNode (130 bytes)
Event: 6.349 Thread 0x00000270de5f5ff0 2048       4       com.sun.javafx.tk.Toolkit$$Lambda$361/0x000000080120b598::run (8 bytes)
Event: 6.350 Thread 0x00000270de5f7630 nmethod 2045 0x00000270cb098110 code [0x00000270cb0983c0, 0x00000270cb099298]
Event: 6.350 Thread 0x00000270de5f7630 2046       3       javafx.scene.Node::isMouseTransparent (19 bytes)
Event: 6.350 Thread 0x00000270de5f7630 nmethod 2046 0x00000270cb099990 code [0x00000270cb099b60, 0x00000270cb099fa8]
Event: 6.350 Thread 0x00000270de5f7630 2047       3       com.sun.javafx.scene.NodeHelper::pickNodeLocal (11 bytes)
Event: 6.350 Thread 0x00000270de5f7630 nmethod 2047 0x00000270cb09a110 code [0x00000270cb09a2c0, 0x00000270cb09a4b8]
Event: 6.351 Thread 0x00000270de5f5ff0 nmethod 2048 0x00000270d287b290 code [0x00000270d287b420, 0x00000270d287b528]
Event: 6.351 Thread 0x00000270de5f5ff0 2049   !   4       java.util.concurrent.LinkedBlockingDeque::takeFirst (47 bytes)
Event: 6.410 Thread 0x00000270de5f7630 2053       3       com.sun.javafx.scene.layout.RegionHelper::pickNodeLocalImpl (12 bytes)
Event: 6.410 Thread 0x00000270de5f7630 nmethod 2053 0x00000270cb09a590 code [0x00000270cb09a740, 0x00000270cb09aa48]
Event: 6.410 Thread 0x00000270de5f7630 2054       3       javafx.scene.layout.Region$1::doPickNodeLocal (10 bytes)
Event: 6.410 Thread 0x00000270de5f7630 nmethod 2054 0x00000270cb09ab90 code [0x00000270cb09ad40, 0x00000270cb09af88]

GC Heap History (4 events):
Event: 1.372 GC heap before
{Heap before GC invocations=0 (full 0):
 garbage-first heap   total 63488K, used 13312K [0x00000000c2a00000, 0x0000000100000000)
  region size 1024K, 13 young (13312K), 0 survivors (0K)
 Metaspace       used 2688K, committed 2880K, reserved 1114112K
  class space    used 291K, committed 384K, reserved 1048576K
}
Event: 1.378 GC heap after
{Heap after GC invocations=1 (full 0):
 garbage-first heap   total 63488K, used 1726K [0x00000000c2a00000, 0x0000000100000000)
  region size 1024K, 2 young (2048K), 2 survivors (2048K)
 Metaspace       used 2688K, committed 2880K, reserved 1114112K
  class space    used 291K, committed 384K, reserved 1048576K
}
Event: 2.376 GC heap before
{Heap before GC invocations=1 (full 0):
 garbage-first heap   total 63488K, used 18110K [0x00000000c2a00000, 0x0000000100000000)
  region size 1024K, 19 young (19456K), 2 survivors (2048K)
 Metaspace       used 8297K, committed 8576K, reserved 1114112K
  class space    used 1084K, committed 1216K, reserved 1048576K
}
Event: 2.383 GC heap after
{Heap after GC invocations=2 (full 0):
 garbage-first heap   total 63488K, used 4249K [0x00000000c2a00000, 0x0000000100000000)
  region size 1024K, 3 young (3072K), 3 survivors (3072K)
 Metaspace       used 8297K, committed 8576K, reserved 1114112K
  class space    used 1084K, committed 1216K, reserved 1048576K
}

Dll operation events (20 events):
Event: 0.931 Loaded shared library C:\Users\USUARIO\.openjfx\cache\13\api-ms-win-crt-filesystem-l1-1-0.dll
Event: 0.938 Loaded shared library C:\Users\USUARIO\.openjfx\cache\13\api-ms-win-crt-heap-l1-1-0.dll
Event: 0.949 Loaded shared library C:\Users\USUARIO\.openjfx\cache\13\api-ms-win-crt-locale-l1-1-0.dll
Event: 0.956 Loaded shared library C:\Users\USUARIO\.openjfx\cache\13\api-ms-win-crt-math-l1-1-0.dll
Event: 0.966 Loaded shared library C:\Users\USUARIO\.openjfx\cache\13\api-ms-win-crt-multibyte-l1-1-0.dll
Event: 0.983 Loaded shared library C:\Users\USUARIO\.openjfx\cache\13\api-ms-win-crt-private-l1-1-0.dll
Event: 0.988 Loaded shared library C:\Users\USUARIO\.openjfx\cache\13\api-ms-win-crt-process-l1-1-0.dll
Event: 0.993 Loaded shared library C:\Users\USUARIO\.openjfx\cache\13\api-ms-win-crt-runtime-l1-1-0.dll
Event: 1.009 Loaded shared library C:\Users\USUARIO\.openjfx\cache\13\api-ms-win-crt-stdio-l1-1-0.dll
Event: 1.024 Loaded shared library C:\Users\USUARIO\.openjfx\cache\13\api-ms-win-crt-string-l1-1-0.dll
Event: 1.029 Loaded shared library C:\Users\USUARIO\.openjfx\cache\13\api-ms-win-crt-time-l1-1-0.dll
Event: 1.039 Loaded shared library C:\Users\USUARIO\.openjfx\cache\13\api-ms-win-crt-utility-l1-1-0.dll
Event: 1.095 Loaded shared library C:\Users\USUARIO\.openjfx\cache\13\ucrtbase.dll
Event: 1.116 Loaded shared library C:\Users\USUARIO\.openjfx\cache\13\vcruntime140.dll
Event: 1.148 Loaded shared library C:\Users\USUARIO\.openjfx\cache\13\msvcp140.dll
Event: 1.175 Loaded shared library C:\Users\USUARIO\.openjfx\cache\13\concrt140.dll
Event: 1.310 Loaded shared library C:\Users\USUARIO\.openjfx\cache\13\prism_d3d.dll
Event: 1.482 Loaded shared library C:\Users\USUARIO\.openjfx\cache\13\glass.dll
Event: 1.842 Loaded shared library C:\Program Files\Eclipse Adoptium\jdk-17.0.7.7-hotspot\bin\jimage.dll
Event: 2.296 Loaded shared library C:\Users\USUARIO\.openjfx\cache\13\javafx_font.dll

Deoptimization events (20 events):
Event: 3.118 Thread 0x00000270e3303340 DEOPT PACKING pc=0x00000270d27d5e94 sp=0x000000bd8d9fd8b0
Event: 3.118 Thread 0x00000270e3303340 DEOPT UNPACKING pc=0x00000270d227699d sp=0x000000bd8d9fd858 mode 2
Event: 3.118 Thread 0x00000270e3303340 Uncommon trap: trap_request=0xffffffde fr.pc=0x00000270d27d5e94 relative=0x0000000000000194
Event: 3.118 Thread 0x00000270e3303340 Uncommon trap: reason=class_check action=maybe_recompile pc=0x00000270d27d5e94 method=java.lang.String.equals(Ljava/lang/Object;)Z @ 8 c2
Event: 3.118 Thread 0x00000270e3303340 DEOPT PACKING pc=0x00000270d27d5e94 sp=0x000000bd8d9fd7c0
Event: 3.118 Thread 0x00000270e3303340 DEOPT UNPACKING pc=0x00000270d227699d sp=0x000000bd8d9fd768 mode 2
Event: 3.118 Thread 0x00000270e3303340 Uncommon trap: trap_request=0xffffffde fr.pc=0x00000270d27d5e94 relative=0x0000000000000194
Event: 3.118 Thread 0x00000270e3303340 Uncommon trap: reason=class_check action=maybe_recompile pc=0x00000270d27d5e94 method=java.lang.String.equals(Ljava/lang/Object;)Z @ 8 c2
Event: 3.118 Thread 0x00000270e3303340 DEOPT PACKING pc=0x00000270d27d5e94 sp=0x000000bd8d9fd7c0
Event: 3.118 Thread 0x00000270e3303340 DEOPT UNPACKING pc=0x00000270d227699d sp=0x000000bd8d9fd768 mode 2
Event: 3.121 Thread 0x00000270e3303340 Uncommon trap: trap_request=0xffffffde fr.pc=0x00000270d27d5e94 relative=0x0000000000000194
Event: 3.121 Thread 0x00000270e3303340 Uncommon trap: reason=class_check action=maybe_recompile pc=0x00000270d27d5e94 method=java.lang.String.equals(Ljava/lang/Object;)Z @ 8 c2
Event: 3.121 Thread 0x00000270e3303340 DEOPT PACKING pc=0x00000270d27d5e94 sp=0x000000bd8d9fd260
Event: 3.121 Thread 0x00000270e3303340 DEOPT UNPACKING pc=0x00000270d227699d sp=0x000000bd8d9fd208 mode 2
Event: 3.202 Thread 0x00000270e3303340 DEOPT PACKING pc=0x00000270cad32ed6 sp=0x000000bd8d9fc790
Event: 3.202 Thread 0x00000270e3303340 DEOPT UNPACKING pc=0x00000270d2277124 sp=0x000000bd8d9fbc30 mode 0
Event: 3.449 Thread 0x00000270e3303340 Uncommon trap: trap_request=0xffffff45 fr.pc=0x00000270d281c850 relative=0x00000000000001d0
Event: 3.449 Thread 0x00000270e3303340 Uncommon trap: reason=unstable_if action=reinterpret pc=0x00000270d281c850 method=java.io.ByteArrayInputStream.read()I @ 8 c2
Event: 3.449 Thread 0x00000270e3303340 DEOPT PACKING pc=0x00000270d281c850 sp=0x000000bd8d9fbe50
Event: 3.449 Thread 0x00000270e3303340 DEOPT UNPACKING pc=0x00000270d227699d sp=0x000000bd8d9fbe08 mode 2

Classes unloaded (0 events):
No events

Classes redefined (0 events):
No events

Internal exceptions (20 events):
Event: 2.146 Thread 0x00000270e3303340 Exception <a 'sun/nio/fs/WindowsException'{0x00000000c5ce4e40}> (0x00000000c5ce4e40) 
thrown [s\src\hotspot\share\prims\jni.cpp, line 516]
Event: 2.170 Thread 0x00000270e3303340 Exception <a 'java/lang/ClassNotFoundException'{0x00000000c5cfac08}: sun/util/logging/resources/spi/loggingProvider> (0x00000000c5cfac08) 
thrown [s\src\hotspot\share\classfile\systemDictionary.cpp, line 256]
Event: 2.515 Thread 0x00000270e3303340 Exception <a 'java/lang/NoSuchMethodError'{0x00000000c6322f40}: 'void java.lang.invoke.DirectMethodHandle$Holder.invokeStaticInit(java.lang.Object, java.lang.Object)'> (0x00000000c6322f40) 
thrown [s\src\hotspot\share\interpreter\linkResolver.cpp, line 759]
Event: 2.634 Thread 0x00000270e3303340 Exception <a 'java/lang/reflect/InvocationTargetException'{0x00000000c615a748}> (0x00000000c615a748) 
thrown [s\src\hotspot\share\runtime\reflection.cpp, line 1121]
Event: 2.643 Thread 0x00000270e3303340 Exception <a 'java/lang/NoSuchMethodError'{0x00000000c61922e0}: static [Ljava/lang/StackTraceElement;.<clinit>()V> (0x00000000c61922e0) 
thrown [s\src\hotspot\share\prims\jni.cpp, line 1107]
Event: 2.690 Thread 0x00000270e3303340 Exception <a 'java/lang/reflect/InvocationTargetException'{0x00000000c61c8468}> (0x00000000c61c8468) 
thrown [s\src\hotspot\share\runtime\reflection.cpp, line 1121]
Event: 2.714 Thread 0x00000270e3303340 Implicit null exception at 0x00000270d27dbdd9 to 0x00000270d27dc008
Event: 2.721 Thread 0x00000270e3303340 Implicit null exception at 0x00000270d281deb3 to 0x00000270d281e34c
Event: 3.200 Thread 0x00000270e3303340 Exception <a 'java/lang/ClassNotFoundException'{0x00000000c5bdd990}: com/sun/javafx/scene/control/skin/resources/controls> (0x00000000c5bdd990) 
thrown [s\src\hotspot\share\prims\jni.cpp, line 535]
Event: 3.202 Thread 0x00000270e3303340 Exception <a 'java/lang/ClassNotFoundException'{0x00000000c5beb490}: com/sun/javafx/scene/control/skin/resources/controls_es> (0x00000000c5beb490) 
thrown [s\src\hotspot\share\prims\jni.cpp, line 535]
Event: 3.204 Thread 0x00000270e3303340 Exception <a 'java/lang/ClassNotFoundException'{0x00000000c5bf8c50}: com/sun/javafx/scene/control/skin/resources/controls_es_EC> (0x00000000c5bf8c50) 
thrown [s\src\hotspot\share\prims\jni.cpp, line 535]
Event: 3.281 Thread 0x00000270e3303340 Exception <a 'java/lang/NoSuchMethodError'{0x00000000c59b6e10}: 'void java.lang.invoke.DirectMethodHandle$Holder.invokeSpecial(java.lang.Object, java.lang.Object, java.lang.Object, java.lang.Object, java.lang.Object, java.lang.Object)'> (0x00000000c59b6e10) 
thrown [s\src\hotspot\share\interpreter\linkResolver.cpp, line 759]
Event: 3.352 Thread 0x00000270e3303340 Exception <a 'java/lang/NoSuchMethodError'{0x00000000c560bf90}: 'java.lang.Object java.lang.invoke.DirectMethodHandle$Holder.invokeInterface(java.lang.Object, java.lang.Object, java.lang.Object)'> (0x00000000c560bf90) 
thrown [s\src\hotspot\share\interpreter\linkResolver.cpp, line 759]
Event: 3.352 Thread 0x00000270e3303340 Exception <a 'java/lang/IncompatibleClassChangeError'{0x00000000c560f918}: Found class java.lang.Object, but interface was expected> (0x00000000c560f918) 
thrown [s\src\hotspot\share\interpreter\linkResolver.cpp, line 826]
Event: 3.478 Thread 0x00000270e3303340 Exception <a 'java/lang/NoSuchMethodError'{0x00000000c55e0de8}: 'java.lang.Object java.lang.invoke.DirectMethodHandle$Holder.newInvokeSpecial(java.lang.Object, java.lang.Object, int)'> (0x00000000c55e0de8) 
thrown [s\src\hotspot\share\interpreter\linkResolver.cpp, line 759]
Event: 3.564 Thread 0x00000270e3303340 Exception <a 'java/lang/NoSuchMethodError'{0x00000000c5166000}: 'long java.lang.invoke.DirectMethodHandle$Holder.invokeStatic(java.lang.Object, java.lang.Object, java.lang.Object)'> (0x00000000c5166000) 
thrown [s\src\hotspot\share\interpreter\linkResolver.cpp, line 759]
Event: 3.566 Thread 0x00000270e3303340 Exception <a 'java/lang/NoSuchMethodError'{0x00000000c51697a8}: 'long java.lang.invoke.DirectMethodHandle$Holder.invokeStaticInit(java.lang.Object, java.lang.Object, java.lang.Object)'> (0x00000000c51697a8) 
thrown [s\src\hotspot\share\interpreter\linkResolver.cpp, line 759]
Event: 3.571 Thread 0x00000270e3303340 Exception <a 'java/lang/NoSuchMethodError'{0x00000000c51c1158}: 'java.lang.Object java.lang.invoke.DirectMethodHandle$Holder.newInvokeSpecial(java.lang.Object, java.lang.Object, long)'> (0x00000000c51c1158) 
thrown [s\src\hotspot\share\interpreter\linkResolver.cpp, line 759]
Event: 3.573 Thread 0x00000270e3303340 Exception <a 'java/lang/NoSuchMethodError'{0x00000000c51c4cc8}: 'java.lang.Object java.lang.invoke.Invokers$Holder.linkToTargetMethod(java.lang.Object, long, java.lang.Object)'> (0x00000000c51c4cc8) 
thrown [s\src\hotspot\share\interpreter\linkResolver.cpp, line 759]
Event: 3.577 Thread 0x00000270e32b0460 Exception <a 'java/lang/NoSuchMethodError'{0x00000000c519b218}: 'int java.lang.invoke.DirectMethodHandle$Holder.invokeStaticInit(java.lang.Object, java.lang.Object)'> (0x00000000c519b218) 
thrown [s\src\hotspot\share\interpreter\linkResolver.cpp, line 759]

VM Operations (20 events):
Event: 1.362 Executing VM operation: G1CollectForAllocation
Event: 1.378 Executing VM operation: G1CollectForAllocation done
Event: 1.393 Executing VM operation: HandshakeAllThreads
Event: 1.393 Executing VM operation: HandshakeAllThreads done
Event: 2.214 Executing VM operation: HandshakeAllThreads
Event: 2.214 Executing VM operation: HandshakeAllThreads done
Event: 2.376 Executing VM operation: G1CollectForAllocation
Event: 2.383 Executing VM operation: G1CollectForAllocation done
Event: 2.441 Executing VM operation: HandshakeAllThreads
Event: 2.441 Executing VM operation: HandshakeAllThreads done
Event: 2.626 Executing VM operation: HandshakeAllThreads
Event: 2.626 Executing VM operation: HandshakeAllThreads done
Event: 2.660 Executing VM operation: HandshakeAllThreads
Event: 2.660 Executing VM operation: HandshakeAllThreads done
Event: 3.413 Executing VM operation: ICBufferFull
Event: 3.413 Executing VM operation: ICBufferFull done
Event: 4.413 Executing VM operation: Cleanup
Event: 4.413 Executing VM operation: Cleanup done
Event: 6.414 Executing VM operation: Cleanup
Event: 6.414 Executing VM operation: Cleanup done

Events (20 events):
Event: 3.562 loading class java/util/concurrent/ConcurrentLinkedQueue done
Event: 3.563 loading class java/util/concurrent/ConcurrentLinkedQueue$Node
Event: 3.563 loading class java/util/concurrent/ConcurrentLinkedQueue$Node done
Event: 5.666 loading class java/nio/ShortBuffer
Event: 5.666 loading class java/nio/ShortBuffer done
Event: 5.666 loading class java/nio/FloatBuffer
Event: 5.667 loading class java/nio/FloatBuffer done
Event: 5.667 loading class java/nio/DoubleBuffer
Event: 5.667 loading class java/nio/DoubleBuffer done
Event: 5.690 loading class jdk/internal/ref/CleanerImpl$InnocuousThreadFactory
Event: 5.690 loading class jdk/internal/ref/CleanerImpl$InnocuousThreadFactory done
Event: 5.691 Thread 0x00000270e826fdf0 Thread added: 0x00000270e826fdf0
Event: 5.698 loading class jdk/internal/math/FDBigInteger
Event: 5.698 loading class jdk/internal/math/FDBigInteger done
Event: 5.703 loading class sun/misc/Unsafe
Event: 5.704 loading class sun/misc/Unsafe done
Event: 5.732 loading class java/nio/DirectFloatBufferU
Event: 5.732 loading class java/nio/DirectFloatBufferU done
Event: 5.759 loading class jdk/internal/misc/ScopedMemoryAccess$Scope
Event: 5.759 loading class jdk/internal/misc/ScopedMemoryAccess$Scope done


Dynamic libraries:
0x00007ff65beb0000 - 0x00007ff65bebe000 	C:\Program Files\Eclipse Adoptium\jdk-17.0.7.7-hotspot\bin\java.exe
0x00007ffc75470000 - 0x00007ffc75665000 	C:\Windows\SYSTEM32\ntdll.dll
0x00007ffc753b0000 - 0x00007ffc7546d000 	C:\Windows\System32\KERNEL32.DLL
0x00007ffc72f20000 - 0x00007ffc731e8000 	C:\Windows\System32\KERNELBASE.dll
0x00007ffc72d80000 - 0x00007ffc72e80000 	C:\Windows\System32\ucrtbase.dll
0x00007ffc62a90000 - 0x00007ffc62aa9000 	C:\Program Files\Eclipse Adoptium\jdk-17.0.7.7-hotspot\bin\VCRUNTIME140.dll
0x00007ffc646b0000 - 0x00007ffc646c7000 	C:\Program Files\Eclipse Adoptium\jdk-17.0.7.7-hotspot\bin\jli.dll
0x00007ffc74430000 - 0x00007ffc745d0000 	C:\Windows\System32\USER32.dll
0x00007ffc731f0000 - 0x00007ffc73212000 	C:\Windows\System32\win32u.dll
0x00007ffc742e0000 - 0x00007ffc7430a000 	C:\Windows\System32\GDI32.dll
0x00007ffc72c70000 - 0x00007ffc72d7b000 	C:\Windows\System32\gdi32full.dll
0x00007ffc5f900000 - 0x00007ffc5fb9a000 	C:\Windows\WinSxS\amd64_microsoft.windows.common-controls_6595b64144ccf1df_6.0.19041.844_none_ca00b6081b84eb1d\COMCTL32.dll
0x00007ffc72e80000 - 0x00007ffc72f1d000 	C:\Windows\System32\msvcp_win.dll
0x00007ffc73980000 - 0x00007ffc73a1e000 	C:\Windows\System32\msvcrt.dll
0x00007ffc74310000 - 0x00007ffc74340000 	C:\Windows\System32\IMM32.DLL
0x00000000704b0000 - 0x00000000704bc000 	C:\Program Files (x86)\360\Total Security\safemon\SafeWrapper.dll
0x00007ffc74870000 - 0x00007ffc7491c000 	C:\Windows\System32\ADVAPI32.dll
0x00007ffc741e0000 - 0x00007ffc7427b000 	C:\Windows\System32\sechost.dll
0x00007ffc74a90000 - 0x00007ffc74bbb000 	C:\Windows\System32\RPCRT4.dll
0x00007ffc34ac0000 - 0x00007ffc34b52000 	C:\Program Files (x86)\360\Total Security\safemon\libzdtp64.dll
0x00007ffc73a30000 - 0x00007ffc74172000 	C:\Windows\System32\SHELL32.dll
0x00007ffc74180000 - 0x00007ffc741d5000 	C:\Windows\System32\SHLWAPI.dll
0x00007ffc726d0000 - 0x00007ffc726da000 	C:\Windows\SYSTEM32\VERSION.dll
0x00007ffc63030000 - 0x00007ffc6303c000 	C:\Program Files\Eclipse Adoptium\jdk-17.0.7.7-hotspot\bin\vcruntime140_1.dll
0x00007ffc3b220000 - 0x00007ffc3b2b1000 	C:\Program Files\Eclipse Adoptium\jdk-17.0.7.7-hotspot\bin\msvcp140.dll
0x00007ffc372c0000 - 0x00007ffc37f08000 	C:\Program Files\Eclipse Adoptium\jdk-17.0.7.7-hotspot\bin\server\jvm.dll
0x00007ffc54070000 - 0x00007ffc54097000 	C:\Windows\SYSTEM32\WINMM.dll
0x00007ffc6baa0000 - 0x00007ffc6baa9000 	C:\Windows\SYSTEM32\WSOCK32.dll
0x00007ffc74bc0000 - 0x00007ffc74c2b000 	C:\Windows\System32\WS2_32.dll
0x00007ffc71480000 - 0x00007ffc71492000 	C:\Windows\SYSTEM32\kernel.appcore.dll
0x00007ffc620d0000 - 0x00007ffc620da000 	C:\Program Files\Eclipse Adoptium\jdk-17.0.7.7-hotspot\bin\jimage.dll
0x00007ffc71140000 - 0x00007ffc71324000 	C:\Windows\SYSTEM32\DBGHELP.DLL
0x00007ffc56320000 - 0x00007ffc5634c000 	C:\Windows\SYSTEM32\dbgcore.DLL
0x00007ffc72bf0000 - 0x00007ffc72c70000 	C:\Windows\System32\bcryptPrimitives.dll
0x00007ffc57d70000 - 0x00007ffc57d95000 	C:\Program Files\Eclipse Adoptium\jdk-17.0.7.7-hotspot\bin\java.dll
0x00007ffc4c1c0000 - 0x00007ffc4c296000 	C:\Program Files\Eclipse Adoptium\jdk-17.0.7.7-hotspot\bin\jsvml.dll
0x00007ffc709a0000 - 0x00007ffc71131000 	C:\Windows\SYSTEM32\windows.storage.dll
0x00007ffc74d50000 - 0x00007ffc750a5000 	C:\Windows\System32\combase.dll
0x00007ffc72520000 - 0x00007ffc7254c000 	C:\Windows\SYSTEM32\Wldp.dll
0x00007ffc75270000 - 0x00007ffc7531e000 	C:\Windows\System32\SHCORE.dll
0x00007ffc72ae0000 - 0x00007ffc72aff000 	C:\Windows\SYSTEM32\profapi.dll
0x00007ffc60420000 - 0x00007ffc60439000 	C:\Program Files\Eclipse Adoptium\jdk-17.0.7.7-hotspot\bin\net.dll
0x00007ffc6d710000 - 0x00007ffc6d81b000 	C:\Windows\SYSTEM32\WINHTTP.dll
0x00007ffc72290000 - 0x00007ffc722fa000 	C:\Windows\system32\mswsock.dll
0x00007ffc60030000 - 0x00007ffc60045000 	C:\Program Files\Eclipse Adoptium\jdk-17.0.7.7-hotspot\bin\nio.dll
0x00007ffc57dd0000 - 0x00007ffc57de8000 	C:\Program Files\Eclipse Adoptium\jdk-17.0.7.7-hotspot\bin\zip.dll
0x00000270c3150000 - 0x00000270c3153000 	C:\Users\USUARIO\.openjfx\cache\13\api-ms-win-core-console-l1-1-0.dll
0x00000270c3160000 - 0x00000270c3163000 	C:\Users\USUARIO\.openjfx\cache\13\api-ms-win-core-datetime-l1-1-0.dll
0x00000270c3170000 - 0x00000270c3173000 	C:\Users\USUARIO\.openjfx\cache\13\api-ms-win-core-debug-l1-1-0.dll
0x00000270c3180000 - 0x00000270c3183000 	C:\Users\USUARIO\.openjfx\cache\13\api-ms-win-core-errorhandling-l1-1-0.dll
0x00000270c3190000 - 0x00000270c3194000 	C:\Users\USUARIO\.openjfx\cache\13\api-ms-win-core-file-l1-1-0.dll
0x00000270c31a0000 - 0x00000270c31a3000 	C:\Users\USUARIO\.openjfx\cache\13\api-ms-win-core-file-l1-2-0.dll
0x00000270c31b0000 - 0x00000270c31b3000 	C:\Users\USUARIO\.openjfx\cache\13\api-ms-win-core-file-l2-1-0.dll
0x00000270c31c0000 - 0x00000270c31c3000 	C:\Users\USUARIO\.openjfx\cache\13\api-ms-win-core-handle-l1-1-0.dll
0x00000270debd0000 - 0x00000270debd3000 	C:\Users\USUARIO\.openjfx\cache\13\api-ms-win-core-heap-l1-1-0.dll
0x00000270debe0000 - 0x00000270debe3000 	C:\Users\USUARIO\.openjfx\cache\13\api-ms-win-core-interlocked-l1-1-0.dll
0x00000270debf0000 - 0x00000270debf3000 	C:\Users\USUARIO\.openjfx\cache\13\api-ms-win-core-libraryloader-l1-1-0.dll
0x00000270dec00000 - 0x00000270dec03000 	C:\Users\USUARIO\.openjfx\cache\13\api-ms-win-core-localization-l1-2-0.dll
0x00000270dec10000 - 0x00000270dec13000 	C:\Users\USUARIO\.openjfx\cache\13\api-ms-win-core-memory-l1-1-0.dll
0x00000270dec20000 - 0x00000270dec23000 	C:\Users\USUARIO\.openjfx\cache\13\api-ms-win-core-namedpipe-l1-1-0.dll
0x00000270dec30000 - 0x00000270dec33000 	C:\Users\USUARIO\.openjfx\cache\13\api-ms-win-core-processenvironment-l1-1-0.dll
0x00000270dec40000 - 0x00000270dec43000 	C:\Users\USUARIO\.openjfx\cache\13\api-ms-win-core-processthreads-l1-1-0.dll
0x00000270dec50000 - 0x00000270dec53000 	C:\Users\USUARIO\.openjfx\cache\13\api-ms-win-core-processthreads-l1-1-1.dll
0x00000270dec60000 - 0x00000270dec63000 	C:\Users\USUARIO\.openjfx\cache\13\api-ms-win-core-profile-l1-1-0.dll
0x00000270dec70000 - 0x00000270dec73000 	C:\Users\USUARIO\.openjfx\cache\13\api-ms-win-core-rtlsupport-l1-1-0.dll
0x00000270dec80000 - 0x00000270dec83000 	C:\Users\USUARIO\.openjfx\cache\13\api-ms-win-core-string-l1-1-0.dll
0x00000270dec90000 - 0x00000270dec93000 	C:\Users\USUARIO\.openjfx\cache\13\api-ms-win-core-synch-l1-1-0.dll
0x00000270deca0000 - 0x00000270deca3000 	C:\Users\USUARIO\.openjfx\cache\13\api-ms-win-core-synch-l1-2-0.dll
0x00000270decb0000 - 0x00000270decb3000 	C:\Users\USUARIO\.openjfx\cache\13\api-ms-win-core-sysinfo-l1-1-0.dll
0x00000270decc0000 - 0x00000270decc3000 	C:\Users\USUARIO\.openjfx\cache\13\api-ms-win-core-timezone-l1-1-0.dll
0x00000270decd0000 - 0x00000270decd3000 	C:\Users\USUARIO\.openjfx\cache\13\api-ms-win-core-util-l1-1-0.dll
0x00000270dece0000 - 0x00000270dece3000 	C:\Users\USUARIO\.openjfx\cache\13\api-ms-win-crt-conio-l1-1-0.dll
0x00000270decf0000 - 0x00000270decf4000 	C:\Users\USUARIO\.openjfx\cache\13\api-ms-win-crt-convert-l1-1-0.dll
0x00000270ded00000 - 0x00000270ded03000 	C:\Users\USUARIO\.openjfx\cache\13\api-ms-win-crt-environment-l1-1-0.dll
0x00000270ded10000 - 0x00000270ded13000 	C:\Users\USUARIO\.openjfx\cache\13\api-ms-win-crt-filesystem-l1-1-0.dll
0x00000270ded20000 - 0x00000270ded23000 	C:\Users\USUARIO\.openjfx\cache\13\api-ms-win-crt-heap-l1-1-0.dll
0x00000270ded30000 - 0x00000270ded33000 	C:\Users\USUARIO\.openjfx\cache\13\api-ms-win-crt-locale-l1-1-0.dll
0x00000270ded40000 - 0x00000270ded45000 	C:\Users\USUARIO\.openjfx\cache\13\api-ms-win-crt-math-l1-1-0.dll
0x00000270ded50000 - 0x00000270ded55000 	C:\Users\USUARIO\.openjfx\cache\13\api-ms-win-crt-multibyte-l1-1-0.dll
0x00000270ded60000 - 0x00000270ded70000 	C:\Users\USUARIO\.openjfx\cache\13\api-ms-win-crt-private-l1-1-0.dll
0x00000270ded70000 - 0x00000270ded73000 	C:\Users\USUARIO\.openjfx\cache\13\api-ms-win-crt-process-l1-1-0.dll
0x00000270ded80000 - 0x00000270ded84000 	C:\Users\USUARIO\.openjfx\cache\13\api-ms-win-crt-runtime-l1-1-0.dll
0x00000270ded90000 - 0x00000270ded94000 	C:\Users\USUARIO\.openjfx\cache\13\api-ms-win-crt-stdio-l1-1-0.dll
0x00000270deda0000 - 0x00000270deda4000 	C:\Users\USUARIO\.openjfx\cache\13\api-ms-win-crt-string-l1-1-0.dll
0x00000270dedb0000 - 0x00000270dedb3000 	C:\Users\USUARIO\.openjfx\cache\13\api-ms-win-crt-time-l1-1-0.dll
0x00000270dedc0000 - 0x00000270dedc3000 	C:\Users\USUARIO\.openjfx\cache\13\api-ms-win-crt-utility-l1-1-0.dll
0x00007ffc3a9b0000 - 0x00007ffc3aaac000 	C:\Users\USUARIO\.openjfx\cache\13\ucrtbase.dll
0x00007ffc63070000 - 0x00007ffc63085000 	C:\Users\USUARIO\.openjfx\cache\13\vcruntime140.dll
0x00007ffc3b7c0000 - 0x00007ffc3b85b000 	C:\Users\USUARIO\.openjfx\cache\13\msvcp140.dll
0x00007ffc562c0000 - 0x00007ffc56311000 	C:\Users\USUARIO\.openjfx\cache\13\concrt140.dll
0x00007ffc63040000 - 0x00007ffc63063000 	C:\Users\USUARIO\.openjfx\cache\13\prism_d3d.dll
0x00007ffc3a7e0000 - 0x00007ffc3a9ae000 	C:\Windows\system32\d3d9.dll
0x00007ffc70640000 - 0x00007ffc7066f000 	C:\Windows\SYSTEM32\dwmapi.dll
0x00007ffc70270000 - 0x00007ffc7030e000 	C:\Windows\system32\uxtheme.dll
0x00007ffc67df0000 - 0x00007ffc684e6000 	C:\Windows\SYSTEM32\d3d10warp.dll
0x00007ffc550c0000 - 0x00007ffc55105000 	C:\Users\USUARIO\.openjfx\cache\13\glass.dll
0x00007ffc74780000 - 0x00007ffc7485a000 	C:\Windows\System32\COMDLG32.dll
0x00007ffc750b0000 - 0x00007ffc751da000 	C:\Windows\System32\ole32.dll
0x00007ffc74340000 - 0x00007ffc7440d000 	C:\Windows\System32\OLEAUT32.dll
0x00007ffc74c30000 - 0x00007ffc74d45000 	C:\Windows\System32\MSCTF.dll
0x00007ffc67be0000 - 0x00007ffc67c1b000 	C:\Windows\SYSTEM32\dxcore.dll
0x00007ffc734c0000 - 0x00007ffc7350e000 	C:\Windows\System32\cfgmgr32.dll
0x00007ffc62ac0000 - 0x00007ffc62ad4000 	C:\Users\USUARIO\.openjfx\cache\13\javafx_font.dll
0x00007ffc63a30000 - 0x00007ffc63caf000 	C:\Windows\SYSTEM32\dwrite.dll
0x00007ffc74920000 - 0x00007ffc749c9000 	C:\Windows\System32\clbcatq.dll
0x00007ffc70090000 - 0x00007ffc70244000 	C:\Windows\SYSTEM32\WindowsCodecs.dll
0x00007ffc73220000 - 0x00007ffc73247000 	C:\Windows\System32\bcrypt.dll
0x00007ffc52d30000 - 0x00007ffc52d6e000 	C:\Windows\system32\dataexchange.dll
0x00007ffc6e540000 - 0x00007ffc6e725000 	C:\Windows\system32\dcomp.dll
0x00007ffc6d820000 - 0x00007ffc6da84000 	C:\Windows\system32\d3d11.dll
0x00007ffc714c0000 - 0x00007ffc715b3000 	C:\Windows\system32\dxgi.dll
0x00007ffc69ab0000 - 0x00007ffc69cb1000 	C:\Windows\system32\twinapi.appcore.dll
0x00007ffc55180000 - 0x00007ffc551b4000 	C:\Program Files\Common Files\Microsoft Shared\Ink\rtscom.dll
0x00007ffc68850000 - 0x00007ffc68949000 	C:\Windows\SYSTEM32\textinputframework.dll
0x00007ffc6ef50000 - 0x00007ffc6f042000 	C:\Windows\System32\CoreMessaging.dll
0x00007ffc6e070000 - 0x00007ffc6e3ce000 	C:\Windows\System32\CoreUIComponents.dll
0x00007ffc71900000 - 0x00007ffc71933000 	C:\Windows\SYSTEM32\ntmarta.dll
0x00007ffc6e7c0000 - 0x00007ffc6e914000 	C:\Windows\SYSTEM32\wintypes.dll
0x00007ffc5b040000 - 0x00007ffc5b0a6000 	C:\Windows\system32\Oleacc.dll
0x00007ffc6dab0000 - 0x00007ffc6e070000 	C:\Windows\SYSTEM32\d2d1.dll

dbghelp: loaded successfully - version: 4.0.5 - missing functions: none
symbol engine: initialized successfully - sym options: 0x614 - pdb path: .;C:\Program Files\Eclipse Adoptium\jdk-17.0.7.7-hotspot\bin;C:\Windows\SYSTEM32;C:\Windows\WinSxS\amd64_microsoft.windows.common-controls_6595b64144ccf1df_6.0.19041.844_none_ca00b6081b84eb1d;C:\Program Files (x86)\360\Total Security\safemon;C:\Program Files\Eclipse Adoptium\jdk-17.0.7.7-hotspot\bin\server;C:\Users\USUARIO\.openjfx\cache\13;C:\Program Files\Common Files\Microsoft Shared\Ink

VM Arguments:
jvm_args: --module-path=C:\Users\USUARIO\Desktop\ESPOL\3 Semestre\ED\Proyecto\Proyecto_ED\Gestion_Contacto\target\classes;C:\Users\USUARIO\.m2\repository\org\openjfx\javafx-base\13\javafx-base-13-win.jar;C:\Users\USUARIO\.m2\repository\org\openjfx\javafx-controls\13\javafx-controls-13-win.jar;C:\Users\USUARIO\.m2\repository\org\openjfx\javafx-fxml\22-ea+11\javafx-fxml-22-ea+11-win.jar;C:\Users\USUARIO\.m2\repository\org\openjfx\javafx-graphics\13\javafx-graphics-13-win.jar --add-modules=com.mycompany.gestion_contacto -Djdk.module.main=com.mycompany.gestion_contacto 
java_command: com.mycompany.gestion_contacto/com.mycompany.gestion_contacto.App
java_class_path (initial): C:\Users\USUARIO\Desktop\ESPOL\3 Semestre\ED\Proyecto\Proyecto_ED\Gestion_Contacto\target\classes;C:\Users\USUARIO\.m2\repository\org\openjfx\javafx-base\13\javafx-base-13.jar;C:\Users\USUARIO\.m2\repository\org\openjfx\javafx-controls\13\javafx-controls-13.jar;C:\Users\USUARIO\.m2\repository\org\openjfx\javafx-fxml\22-ea+11\javafx-fxml-22-ea+11.jar;C:\Users\USUARIO\.m2\repository\org\openjfx\javafx-graphics\13\javafx-graphics-13.jar
Launcher Type: SUN_STANDARD

[Global flags]
     intx CICompilerCount                          = 3                                         {product} {ergonomic}
     uint ConcGCThreads                            = 1                                         {product} {ergonomic}
     uint G1ConcRefinementThreads                  = 4                                         {product} {ergonomic}
   size_t G1HeapRegionSize                         = 1048576                                   {product} {ergonomic}
    uintx GCDrainStackTargetSize                   = 64                                        {product} {ergonomic}
   size_t InitialHeapSize                          = 65011712                                  {product} {ergonomic}
   size_t MarkStackSize                            = 4194304                                   {product} {ergonomic}
   size_t MaxHeapSize                              = 1029701632                                {product} {ergonomic}
   size_t MaxNewSize                               = 617611264                                 {product} {ergonomic}
   size_t MinHeapDeltaBytes                        = 1048576                                   {product} {ergonomic}
   size_t MinHeapSize                              = 8388608                                   {product} {ergonomic}
    uintx NonNMethodCodeHeapSize                   = 5832780                                {pd product} {ergonomic}
    uintx NonProfiledCodeHeapSize                  = 122912730                              {pd product} {ergonomic}
    uintx ProfiledCodeHeapSize                     = 122912730                              {pd product} {ergonomic}
    uintx ReservedCodeCacheSize                    = 251658240                              {pd product} {ergonomic}
     bool SegmentedCodeCache                       = true                                      {product} {ergonomic}
   size_t SoftMaxHeapSize                          = 1029701632                             {manageable} {ergonomic}
     bool UseCompressedClassPointers               = true                           {product lp64_product} {ergonomic}
     bool UseCompressedOops                        = true                           {product lp64_product} {ergonomic}
     bool UseG1GC                                  = true                                      {product} {ergonomic}
     bool UseLargePagesIndividualAllocation        = false                                  {pd product} {ergonomic}

Logging:
Log output configuration:
 #0: stdout all=warning uptime,level,tags
 #1: stderr all=off uptime,level,tags

Environment Variables:
JAVA_HOME=C:\Program Files\Eclipse Adoptium\jdk-17.0.7.7-hotspot
PATH=C:\Program Files (x86)\Common Files\Oracle\Java\javapath;C:\Program Files\Eclipse Adoptium\jdk-17.0.7.7-hotspot\bin;C:\Windows\system32;C:\Windows;C:\Windows\System32\Wbem;C:\Windows\System32\WindowsPowerShell\v1.0\;C:\Windows\System32\OpenSSH\;C:\Program Files\Git\cmd;C:\Users\USUARIO\AppData\Local\Microsoft\WindowsApps;
USERNAME=USUARIO
OS=Windows_NT
PROCESSOR_IDENTIFIER=Intel64 Family 6 Model 122 Stepping 1, GenuineIntel
TMP=C:\Users\USUARIO\AppData\Local\Temp
TEMP=C:\Users\USUARIO\AppData\Local\Temp



---------------  S Y S T E M  ---------------

OS:
 Windows 10 , 64 bit Build 19041 (10.0.19041.928)
OS uptime: 0 days 3:12 hours

CPU: total 4 (initial active 4) (4 cores per cpu, 1 threads per core) family 6 model 122 stepping 1 microcode 0x2e, cx8, cmov, fxsr, mmx, 3dnowpref, sse, sse2, sse3, ssse3, sse4.1, sse4.2, popcnt, tsc, tscinvbit, aes, erms, clmul, sha, clflush, clflushopt

Memory: 4k page, system-wide physical 3927M (74M free)
TotalPageFile size 3927M (AvailPageFile size 6M)
current process WorkingSet (physical memory assigned to process): 119M, peak: 119M
current process commit charge ("private bytes"): 188M, peak: 189M

vm_info: OpenJDK 64-Bit Server VM (17.0.7+7) for windows-amd64 JRE (17.0.7+7), built on Apr 18 2023 22:10:42 by "temurin" with MS VC++ 16.7 (VS2019)

END.
